[ 34200.495] 
X.Org X Server 1.21.1.11
X Protocol Version 11, Revision 0
[ 34200.495] Current Operating System: Linux cio 6.7.9-arch1-1 #1 SMP PREEMPT_DYNAMIC Fri, 08 Mar 2024 01:59:01 +0000 x86_64
[ 34200.495] Kernel command line: initrd=\intel-ucode.img initrd=\initramfs-linux.img root=PARTUUID=42778ebf-9041-4679-99ce-1cd6b789166b zswap.enabled=0 rw rootfstype=ext4
[ 34200.495]  
[ 34200.495] Current version of pixman: 0.43.4
[ 34200.495] 	Before reporting problems, check http://wiki.x.org
	to make sure that you have the latest version.
[ 34200.495] Markers: (--) probed, (**) from config file, (==) default setting,
	(++) from command line, (!!) notice, (II) informational,
	(WW) warning, (EE) error, (NI) not implemented, (??) unknown.
[ 34200.495] (==) Log file: "/home/cio/.local/share/xorg/Xorg.0.log", Time: Sun Mar 17 02:28:01 2024
[ 34200.496] (==) Using config directory: "/etc/X11/xorg.conf.d"
[ 34200.496] (==) Using system config directory "/usr/share/X11/xorg.conf.d"
[ 34200.496] (==) No Layout section.  Using the first Screen section.
[ 34200.496] (==) No screen section available. Using defaults.
[ 34200.496] (**) |-->Screen "Default Screen Section" (0)
[ 34200.496] (**) |   |-->Monitor "<default monitor>"
[ 34200.496] (==) No monitor specified for screen "Default Screen Section".
	Using a default monitor configuration.
[ 34200.496] (==) Automatically adding devices
[ 34200.496] (==) Automatically enabling devices
[ 34200.496] (==) Automatically adding GPU devices
[ 34200.496] (==) Automatically binding GPU devices
[ 34200.496] (==) Max clients allowed: 256, resource mask: 0x1fffff
[ 34200.496] (WW) The directory "/usr/share/fonts/misc" does not exist.
[ 34200.496] 	Entry deleted from font path.
[ 34200.496] (WW) `fonts.dir' not found (or not valid) in "/usr/share/fonts/TTF".
[ 34200.496] 	Entry deleted from font path.
[ 34200.496] 	(Run 'mkfontdir' on "/usr/share/fonts/TTF").
[ 34200.496] (WW) The directory "/usr/share/fonts/OTF" does not exist.
[ 34200.496] 	Entry deleted from font path.
[ 34200.496] (WW) The directory "/usr/share/fonts/Type1" does not exist.
[ 34200.496] 	Entry deleted from font path.
[ 34200.496] (WW) The directory "/usr/share/fonts/100dpi" does not exist.
[ 34200.496] 	Entry deleted from font path.
[ 34200.496] (WW) The directory "/usr/share/fonts/75dpi" does not exist.
[ 34200.496] 	Entry deleted from font path.
[ 34200.496] (==) FontPath set to:
	
[ 34200.496] (==) ModulePath set to "/usr/lib/xorg/modules"
[ 34200.496] (II) The server relies on udev to provide the list of input devices.
	If no devices become available, reconfigure udev or disable AutoAddDevices.
[ 34200.496] (II) Module ABI versions:
[ 34200.496] 	X.Org ANSI C Emulation: 0.4
[ 34200.496] 	X.Org Video Driver: 25.2
[ 34200.496] 	X.Org XInput driver : 24.4
[ 34200.496] 	X.Org Server Extension : 10.0
[ 34200.497] (++) using VT number 1

[ 34200.498] (II) systemd-logind: took control of session /org/freedesktop/login1/session/_313
[ 34200.499] (II) xfree86: Adding drm device (/dev/dri/card1)
[ 34200.499] (II) Platform probe for /sys/devices/pci0000:00/0000:00:02.0/drm/card1
[ 34200.500] (II) systemd-logind: got fd for /dev/dri/card1 226:1 fd 13 paused 0
[ 34200.502] (--) PCI:*(0@0:2:0) 8086:1916:17aa:504a rev 7, Mem @ 0xe0000000/16777216, 0xc0000000/536870912, I/O @ 0x0000e000/64, BIOS @ 0x????????/131072
[ 34200.502] (WW) Open ACPI failed (/var/run/acpid.socket) (No such file or directory)
[ 34200.502] (II) LoadModule: "glx"
[ 34200.502] (II) Loading /usr/lib/xorg/modules/extensions/libglx.so
[ 34200.504] (II) Module glx: vendor="X.Org Foundation"
[ 34200.504] 	compiled for 1.21.1.11, module version = 1.0.0
[ 34200.504] 	ABI class: X.Org Server Extension, version 10.0
[ 34200.504] (==) Matched intel as autoconfigured driver 0
[ 34200.504] (==) Matched modesetting as autoconfigured driver 1
[ 34200.504] (==) Matched fbdev as autoconfigured driver 2
[ 34200.504] (==) Matched vesa as autoconfigured driver 3
[ 34200.504] (==) Assigned the driver to the xf86ConfigLayout
[ 34200.504] (II) LoadModule: "intel"
[ 34200.504] (II) Loading /usr/lib/xorg/modules/drivers/intel_drv.so
[ 34200.504] (II) Module intel: vendor="X.Org Foundation"
[ 34200.504] 	compiled for 1.21.1.6, module version = 2.99.917
[ 34200.504] 	Module class: X.Org Video Driver
[ 34200.504] 	ABI class: X.Org Video Driver, version 25.2
[ 34200.504] (II) LoadModule: "modesetting"
[ 34200.504] (II) Loading /usr/lib/xorg/modules/drivers/modesetting_drv.so
[ 34200.505] (II) Module modesetting: vendor="X.Org Foundation"
[ 34200.505] 	compiled for 1.21.1.11, module version = 1.21.1
[ 34200.505] 	Module class: X.Org Video Driver
[ 34200.505] 	ABI class: X.Org Video Driver, version 25.2
[ 34200.505] (II) LoadModule: "fbdev"
[ 34200.505] (WW) Warning, couldn't open module fbdev
[ 34200.505] (EE) Failed to load module "fbdev" (module does not exist, 0)
[ 34200.505] (II) LoadModule: "vesa"
[ 34200.505] (WW) Warning, couldn't open module vesa
[ 34200.505] (EE) Failed to load module "vesa" (module does not exist, 0)
[ 34200.505] (II) intel: Driver for Intel(R) Integrated Graphics Chipsets:
	i810, i810-dc100, i810e, i815, i830M, 845G, 854, 852GM/855GM, 865G,
	915G, E7221 (i915), 915GM, 945G, 945GM, 945GME, Pineview GM,
	Pineview G, 965G, G35, 965Q, 946GZ, 965GM, 965GME/GLE, G33, Q35, Q33,
	GM45, 4 Series, G45/G43, Q45/Q43, G41, B43
[ 34200.505] (II) intel: Driver for Intel(R) HD Graphics
[ 34200.505] (II) intel: Driver for Intel(R) Iris(TM) Graphics
[ 34200.505] (II) intel: Driver for Intel(R) Iris(TM) Pro Graphics
[ 34200.505] (II) modesetting: Driver for Modesetting Kernel Drivers: kms
[ 34200.506] xf86EnableIO: failed to enable I/O ports 0000-03ff (Operation not permitted)
[ 34200.506] (II) intel(0): Using Kernel Mode Setting driver: i915, version 1.6.0 20230929
[ 34200.506] (II) intel(0): SNA compiled from 2.99.917-923-gb74b67f0
[ 34200.506] (WW) Falling back to old probe method for modesetting
[ 34200.506] (EE) open /dev/dri/card0: No such file or directory
[ 34200.506] (WW) VGA arbiter: cannot open kernel arbiter, no multi-card support
[ 34200.506] (--) intel(0): Integrated Graphics Chipset: Intel(R) HD Graphics 520
[ 34200.506] (--) intel(0): CPU: x86-64, sse2, sse3, ssse3, sse4.1, sse4.2, avx, avx2; using a maximum of 2 threads
[ 34200.506] (II) intel(0): Creating default Display subsection in Screen section
	"Default Screen Section" for depth/fbbpp 24/32
[ 34200.506] (==) intel(0): Depth 24, (--) framebuffer bpp 32
[ 34200.506] (==) intel(0): RGB weight 888
[ 34200.506] (==) intel(0): Default visual is TrueColor
[ 34200.507] (II) intel(0): Output eDP1 has no monitor section
[ 34200.508] (**) intel(0): Found backlight control interface intel_backlight (type 'raw') for output eDP1
[ 34200.508] (II) intel(0): Enabled output eDP1
[ 34200.508] (II) intel(0): Output DP1 has no monitor section
[ 34200.508] (II) intel(0): Enabled output DP1
[ 34200.508] (II) intel(0): Output HDMI1 has no monitor section
[ 34200.508] (II) intel(0): Enabled output HDMI1
[ 34200.508] (II) intel(0): Output DP2 has no monitor section
[ 34200.508] (II) intel(0): Enabled output DP2
[ 34200.508] (II) intel(0): Output HDMI2 has no monitor section
[ 34200.509] (II) intel(0): Enabled output HDMI2
[ 34200.509] (--) intel(0): Using a maximum size of 256x256 for hardware cursors
[ 34200.509] (II) intel(0): Output VIRTUAL1 has no monitor section
[ 34200.509] (II) intel(0): Enabled output VIRTUAL1
[ 34200.509] (--) intel(0): Output eDP1 using initial mode 1366x768 on pipe 0
[ 34200.509] (==) intel(0): TearFree enabled
[ 34200.509] (==) intel(0): Using gamma correction (1.0, 1.0, 1.0)
[ 34200.509] (==) intel(0): DPI set to (96, 96)
[ 34200.509] (II) Loading sub module "dri3"
[ 34200.509] (II) LoadModule: "dri3"
[ 34200.509] (II) Module "dri3" already built-in
[ 34200.509] (II) Loading sub module "dri2"
[ 34200.509] (II) LoadModule: "dri2"
[ 34200.509] (II) Module "dri2" already built-in
[ 34200.509] (II) Loading sub module "present"
[ 34200.509] (II) LoadModule: "present"
[ 34200.509] (II) Module "present" already built-in
[ 34200.509] (II) UnloadModule: "modesetting"
[ 34200.509] (II) Unloading modesetting
[ 34200.509] (II) intel(0): SNA initialized with Skylake (gen9) backend
[ 34200.509] (==) intel(0): Backing store enabled
[ 34200.509] (==) intel(0): Silken mouse enabled
[ 34200.509] (II) intel(0): HW Cursor enabled
[ 34200.510] (==) intel(0): DPMS enabled
[ 34200.510] (==) intel(0): Display hotplug detection enabled
[ 34200.510] (II) intel(0): [DRI2] Setup complete
[ 34200.510] (II) intel(0): [DRI2]   DRI driver: i965
[ 34200.510] (II) intel(0): [DRI2]   VDPAU driver: va_gl
[ 34200.510] (II) intel(0): direct rendering: DRI2 DRI3 enabled
[ 34200.510] (II) intel(0): hardware support for Present enabled
[ 34200.510] (II) Initializing extension Generic Event Extension
[ 34200.510] (II) Initializing extension SHAPE
[ 34200.510] (II) Initializing extension MIT-SHM
[ 34200.510] (II) Initializing extension XInputExtension
[ 34200.510] (II) Initializing extension XTEST
[ 34200.510] (II) Initializing extension BIG-REQUESTS
[ 34200.510] (II) Initializing extension SYNC
[ 34200.511] (II) Initializing extension XKEYBOARD
[ 34200.511] (II) Initializing extension XC-MISC
[ 34200.511] (II) Initializing extension SECURITY
[ 34200.511] (II) Initializing extension XFIXES
[ 34200.511] (II) Initializing extension RENDER
[ 34200.511] (II) Initializing extension RANDR
[ 34200.511] (II) Initializing extension COMPOSITE
[ 34200.511] (II) Initializing extension DAMAGE
[ 34200.511] (II) Initializing extension MIT-SCREEN-SAVER
[ 34200.512] (II) Initializing extension DOUBLE-BUFFER
[ 34200.512] (II) Initializing extension RECORD
[ 34200.512] (II) Initializing extension DPMS
[ 34200.512] (II) Initializing extension Present
[ 34200.512] (II) Initializing extension DRI3
[ 34200.512] (II) Initializing extension X-Resource
[ 34200.512] (II) Initializing extension XVideo
[ 34200.512] (II) Initializing extension XVideo-MotionCompensation
[ 34200.512] (II) Initializing extension GLX
[ 34200.512] (EE) AIGLX error: dlopen of /usr/lib/dri/i965_dri.so failed (/usr/lib/dri/i965_dri.so: cannot open shared object file: No such file or directory)
[ 34200.512] (EE) AIGLX error: unable to load driver i965
[ 34200.536] (II) IGLX: Loaded and initialized swrast
[ 34200.536] (II) GLX: Initialized DRISWRAST GL provider for screen 0
[ 34200.536] (II) Initializing extension XFree86-VidModeExtension
[ 34200.536] (II) Initializing extension XFree86-DGA
[ 34200.536] (II) Initializing extension XFree86-DRI
[ 34200.536] (II) Initializing extension DRI2
[ 34200.538] (II) intel(0): switch to mode 1366x768@60.0 on eDP1 using pipe 0, position (0, 0), rotation normal, reflection none
[ 34200.554] (II) intel(0): Setting screen physical size to 361 x 203
[ 34200.607] (II) config/udev: Adding input device Power Button (/dev/input/event2)
[ 34200.607] (**) Power Button: Applying InputClass "libinput keyboard catchall"
[ 34200.607] (**) Power Button: Applying InputClass "system-keyboard"
[ 34200.607] (II) LoadModule: "libinput"
[ 34200.607] (II) Loading /usr/lib/xorg/modules/input/libinput_drv.so
[ 34200.609] (II) Module libinput: vendor="X.Org Foundation"
[ 34200.609] 	compiled for 1.21.1.8, module version = 1.4.0
[ 34200.609] 	Module class: X.Org XInput Driver
[ 34200.609] 	ABI class: X.Org XInput driver, version 24.4
[ 34200.609] (II) Using input driver 'libinput' for 'Power Button'
[ 34200.610] (II) systemd-logind: got fd for /dev/input/event2 13:66 fd 23 paused 0
[ 34200.610] (**) Power Button: always reports core events
[ 34200.610] (**) Option "Device" "/dev/input/event2"
[ 34200.613] (II) event2  - Power Button: is tagged by udev as: Keyboard
[ 34200.613] (II) event2  - Power Button: device is a keyboard
[ 34200.613] (II) event2  - Power Button: device removed
[ 34200.613] (**) Option "config_info" "udev:/sys/devices/LNXSYSTM:00/LNXPWRBN:00/input/input2/event2"
[ 34200.613] (II) XINPUT: Adding extended input device "Power Button" (type: KEYBOARD, id 6)
[ 34200.613] (**) Option "xkb_model" "pc105+inet"
[ 34200.613] (**) Option "xkb_layout" "us"
[ 34200.613] (**) Option "xkb_options" "terminate:ctrl_alt_bksp"
[ 34200.633] (II) event2  - Power Button: is tagged by udev as: Keyboard
[ 34200.633] (II) event2  - Power Button: device is a keyboard
[ 34200.634] (II) config/udev: Adding input device Video Bus (/dev/input/event6)
[ 34200.634] (**) Video Bus: Applying InputClass "libinput keyboard catchall"
[ 34200.634] (**) Video Bus: Applying InputClass "system-keyboard"
[ 34200.634] (II) Using input driver 'libinput' for 'Video Bus'
[ 34200.635] (II) systemd-logind: got fd for /dev/input/event6 13:70 fd 26 paused 0
[ 34200.635] (**) Video Bus: always reports core events
[ 34200.635] (**) Option "Device" "/dev/input/event6"
[ 34200.636] (II) event6  - Video Bus: is tagged by udev as: Keyboard
[ 34200.636] (II) event6  - Video Bus: device is a keyboard
[ 34200.636] (II) event6  - Video Bus: device removed
[ 34200.636] (**) Option "config_info" "udev:/sys/devices/LNXSYSTM:00/LNXSYBUS:00/PNP0A08:00/LNXVIDEO:00/input/input8/event6"
[ 34200.636] (II) XINPUT: Adding extended input device "Video Bus" (type: KEYBOARD, id 7)
[ 34200.636] (**) Option "xkb_model" "pc105+inet"
[ 34200.636] (**) Option "xkb_layout" "us"
[ 34200.636] (**) Option "xkb_options" "terminate:ctrl_alt_bksp"
[ 34200.638] (II) event6  - Video Bus: is tagged by udev as: Keyboard
[ 34200.638] (II) event6  - Video Bus: device is a keyboard
[ 34200.638] (II) config/udev: Adding input device Lid Switch (/dev/input/event0)
[ 34200.638] (II) No input driver specified, ignoring this device.
[ 34200.638] (II) This device may have been added with another device file.
[ 34200.639] (II) config/udev: Adding input device Sleep Button (/dev/input/event1)
[ 34200.639] (**) Sleep Button: Applying InputClass "libinput keyboard catchall"
[ 34200.639] (**) Sleep Button: Applying InputClass "system-keyboard"
[ 34200.639] (II) Using input driver 'libinput' for 'Sleep Button'
[ 34200.640] (II) systemd-logind: got fd for /dev/input/event1 13:65 fd 27 paused 0
[ 34200.640] (**) Sleep Button: always reports core events
[ 34200.640] (**) Option "Device" "/dev/input/event1"
[ 34200.641] (II) event1  - Sleep Button: is tagged by udev as: Keyboard
[ 34200.641] (II) event1  - Sleep Button: device is a keyboard
[ 34200.641] (II) event1  - Sleep Button: device removed
[ 34200.641] (**) Option "config_info" "udev:/sys/devices/LNXSYSTM:00/LNXSYBUS:00/PNP0C0E:00/input/input1/event1"
[ 34200.641] (II) XINPUT: Adding extended input device "Sleep Button" (type: KEYBOARD, id 8)
[ 34200.641] (**) Option "xkb_model" "pc105+inet"
[ 34200.641] (**) Option "xkb_layout" "us"
[ 34200.641] (**) Option "xkb_options" "terminate:ctrl_alt_bksp"
[ 34200.642] (II) event1  - Sleep Button: is tagged by udev as: Keyboard
[ 34200.642] (II) event1  - Sleep Button: device is a keyboard
[ 34200.644] (II) config/udev: Adding input device HDA Intel PCH Mic (/dev/input/event9)
[ 34200.644] (II) No input driver specified, ignoring this device.
[ 34200.644] (II) This device may have been added with another device file.
[ 34200.644] (II) config/udev: Adding input device HDA Intel PCH Dock Headphone (/dev/input/event10)
[ 34200.644] (II) No input driver specified, ignoring this device.
[ 34200.644] (II) This device may have been added with another device file.
[ 34200.645] (II) config/udev: Adding input device HDA Intel PCH Headphone (/dev/input/event11)
[ 34200.645] (II) No input driver specified, ignoring this device.
[ 34200.645] (II) This device may have been added with another device file.
[ 34200.645] (II) config/udev: Adding input device HDA Intel PCH HDMI/DP,pcm=3 (/dev/input/event12)
[ 34200.645] (II) No input driver specified, ignoring this device.
[ 34200.645] (II) This device may have been added with another device file.
[ 34200.646] (II) config/udev: Adding input device HDA Intel PCH HDMI/DP,pcm=7 (/dev/input/event13)
[ 34200.646] (II) No input driver specified, ignoring this device.
[ 34200.646] (II) This device may have been added with another device file.
[ 34200.646] (II) config/udev: Adding input device HDA Intel PCH HDMI/DP,pcm=8 (/dev/input/event14)
[ 34200.646] (II) No input driver specified, ignoring this device.
[ 34200.646] (II) This device may have been added with another device file.
[ 34200.647] (II) config/udev: Adding input device HDA Intel PCH Dock Mic (/dev/input/event8)
[ 34200.647] (II) No input driver specified, ignoring this device.
[ 34200.647] (II) This device may have been added with another device file.
[ 34200.647] (II) config/udev: Adding input device AT Translated Set 2 keyboard (/dev/input/event3)
[ 34200.647] (**) AT Translated Set 2 keyboard: Applying InputClass "libinput keyboard catchall"
[ 34200.647] (**) AT Translated Set 2 keyboard: Applying InputClass "system-keyboard"
[ 34200.647] (II) Using input driver 'libinput' for 'AT Translated Set 2 keyboard'
[ 34200.648] (II) systemd-logind: got fd for /dev/input/event3 13:67 fd 28 paused 0
[ 34200.648] (**) AT Translated Set 2 keyboard: always reports core events
[ 34200.648] (**) Option "Device" "/dev/input/event3"
[ 34200.649] (II) event3  - AT Translated Set 2 keyboard: is tagged by udev as: Keyboard
[ 34200.649] (II) event3  - AT Translated Set 2 keyboard: device is a keyboard
[ 34200.650] (II) event3  - AT Translated Set 2 keyboard: device removed
[ 34200.650] (**) Option "config_info" "udev:/sys/devices/platform/i8042/serio0/input/input3/event3"
[ 34200.650] (II) XINPUT: Adding extended input device "AT Translated Set 2 keyboard" (type: KEYBOARD, id 9)
[ 34200.650] (**) Option "xkb_model" "pc105+inet"
[ 34200.650] (**) Option "xkb_layout" "us"
[ 34200.650] (**) Option "xkb_options" "terminate:ctrl_alt_bksp"
[ 34200.652] (II) event3  - AT Translated Set 2 keyboard: is tagged by udev as: Keyboard
[ 34200.652] (II) event3  - AT Translated Set 2 keyboard: device is a keyboard
[ 34200.654] (II) config/udev: Adding input device SynPS/2 Synaptics TouchPad (/dev/input/event5)
[ 34200.654] (**) SynPS/2 Synaptics TouchPad: Applying InputClass "libinput touchpad catchall"
[ 34200.654] (**) SynPS/2 Synaptics TouchPad: Applying InputClass "libinput touchpad catchall"
[ 34200.654] (II) Using input driver 'libinput' for 'SynPS/2 Synaptics TouchPad'
[ 34200.654] (II) systemd-logind: got fd for /dev/input/event5 13:69 fd 29 paused 0
[ 34200.654] (**) SynPS/2 Synaptics TouchPad: always reports core events
[ 34200.654] (**) Option "Device" "/dev/input/event5"
[ 34200.656] (II) event5  - SynPS/2 Synaptics TouchPad: is tagged by udev as: Touchpad
[ 34200.657] (II) event5  - SynPS/2 Synaptics TouchPad: device is a touchpad
[ 34200.658] (II) event5  - SynPS/2 Synaptics TouchPad: device removed
[ 34200.658] (**) Option "Tapping" "on"
[ 34200.658] (II) libinput: SynPS/2 Synaptics TouchPad: Step value 0 was provided, libinput Fallback acceleration function is used.
[ 34200.658] (II) libinput: SynPS/2 Synaptics TouchPad: Step value 0 was provided, libinput Fallback acceleration function is used.
[ 34200.658] (II) libinput: SynPS/2 Synaptics TouchPad: Step value 0 was provided, libinput Fallback acceleration function is used.
[ 34200.658] (**) Option "config_info" "udev:/sys/devices/platform/i8042/serio1/input/input5/event5"
[ 34200.658] (II) XINPUT: Adding extended input device "SynPS/2 Synaptics TouchPad" (type: TOUCHPAD, id 10)
[ 34200.659] (**) Option "AccelerationScheme" "none"
[ 34200.659] (**) SynPS/2 Synaptics TouchPad: (accel) selected scheme none/0
[ 34200.659] (**) SynPS/2 Synaptics TouchPad: (accel) acceleration factor: 2.000
[ 34200.659] (**) SynPS/2 Synaptics TouchPad: (accel) acceleration threshold: 4
[ 34200.661] (II) event5  - SynPS/2 Synaptics TouchPad: is tagged by udev as: Touchpad
[ 34200.662] (II) event5  - SynPS/2 Synaptics TouchPad: device is a touchpad
[ 34200.663] (II) config/udev: Adding input device SynPS/2 Synaptics TouchPad (/dev/input/mouse0)
[ 34200.663] (II) No input driver specified, ignoring this device.
[ 34200.663] (II) This device may have been added with another device file.
[ 34200.664] (II) config/udev: Adding input device TPPS/2 IBM TrackPoint (/dev/input/event7)
[ 34200.664] (**) TPPS/2 IBM TrackPoint: Applying InputClass "libinput pointer catchall"
[ 34200.664] (II) Using input driver 'libinput' for 'TPPS/2 IBM TrackPoint'
[ 34200.665] (II) systemd-logind: got fd for /dev/input/event7 13:71 fd 30 paused 0
[ 34200.665] (**) TPPS/2 IBM TrackPoint: always reports core events
[ 34200.665] (**) Option "Device" "/dev/input/event7"
[ 34200.666] (II) event7  - TPPS/2 IBM TrackPoint: is tagged by udev as: Mouse Pointingstick
[ 34200.667] (II) event7  - TPPS/2 IBM TrackPoint: device is a pointer
[ 34200.667] (II) event7  - TPPS/2 IBM TrackPoint: device removed
[ 34200.667] (II) libinput: TPPS/2 IBM TrackPoint: Step value 0 was provided, libinput Fallback acceleration function is used.
[ 34200.667] (II) libinput: TPPS/2 IBM TrackPoint: Step value 0 was provided, libinput Fallback acceleration function is used.
[ 34200.667] (II) libinput: TPPS/2 IBM TrackPoint: Step value 0 was provided, libinput Fallback acceleration function is used.
[ 34200.667] (**) Option "config_info" "udev:/sys/devices/platform/i8042/serio1/serio2/input/input7/event7"
[ 34200.667] (II) XINPUT: Adding extended input device "TPPS/2 IBM TrackPoint" (type: MOUSE, id 11)
[ 34200.668] (**) Option "AccelerationScheme" "none"
[ 34200.668] (**) TPPS/2 IBM TrackPoint: (accel) selected scheme none/0
[ 34200.668] (**) TPPS/2 IBM TrackPoint: (accel) acceleration factor: 2.000
[ 34200.668] (**) TPPS/2 IBM TrackPoint: (accel) acceleration threshold: 4
[ 34200.669] (II) event7  - TPPS/2 IBM TrackPoint: is tagged by udev as: Mouse Pointingstick
[ 34200.669] (II) event7  - TPPS/2 IBM TrackPoint: device is a pointer
[ 34200.671] (II) config/udev: Adding input device TPPS/2 IBM TrackPoint (/dev/input/mouse1)
[ 34200.671] (II) No input driver specified, ignoring this device.
[ 34200.671] (II) This device may have been added with another device file.
[ 34200.674] (II) config/udev: Adding input device ThinkPad Extra Buttons (/dev/input/event4)
[ 34200.674] (**) ThinkPad Extra Buttons: Applying InputClass "libinput keyboard catchall"
[ 34200.674] (**) ThinkPad Extra Buttons: Applying InputClass "system-keyboard"
[ 34200.674] (II) Using input driver 'libinput' for 'ThinkPad Extra Buttons'
[ 34200.675] (II) systemd-logind: got fd for /dev/input/event4 13:68 fd 31 paused 0
[ 34200.675] (**) ThinkPad Extra Buttons: always reports core events
[ 34200.675] (**) Option "Device" "/dev/input/event4"
[ 34200.676] (II) event4  - ThinkPad Extra Buttons: is tagged by udev as: Keyboard Switch
[ 34200.676] (II) event4  - ThinkPad Extra Buttons: device is a keyboard
[ 34200.677] (II) event4  - ThinkPad Extra Buttons: device removed
[ 34200.677] (**) Option "config_info" "udev:/sys/devices/platform/thinkpad_acpi/input/input6/event4"
[ 34200.677] (II) XINPUT: Adding extended input device "ThinkPad Extra Buttons" (type: KEYBOARD, id 12)
[ 34200.677] (**) Option "xkb_model" "pc105+inet"
[ 34200.677] (**) Option "xkb_layout" "us"
[ 34200.677] (**) Option "xkb_options" "terminate:ctrl_alt_bksp"
[ 34200.678] (II) event4  - ThinkPad Extra Buttons: is tagged by udev as: Keyboard Switch
[ 34200.678] (II) event4  - ThinkPad Extra Buttons: device is a keyboard
[ 34200.757] (II) intel(0): EDID vendor "IVO", prod id 1251
[ 34200.757] (II) intel(0): Printing DDC gathered Modelines:
[ 34200.757] (II) intel(0): Modeline "1366x768"x0.0   76.93  1366 1414 1446 1560  768 771 783 822 -hsync -vsync (49.3 kHz eP)
