2024-01-09T17:46:22.979Z - info: [ui] [AppStore] loading 0 repositories from store
2024-01-09T17:46:23.059Z - info: [ui] [Welcome] no sign in step found. ignoring...
2024-01-09T17:46:23.085Z - info: [ui] [Welcome] no sign in step found. ignoring...
2024-01-09T17:46:23.092Z - info: [ui] [Welcome] no sign in step found. ignoring...
2024-01-09T17:46:23.094Z - info: [ui] launching: 3.3.6-linux3 (Linux 6.6.10-arch1-1)
2024-01-09T17:46:23.094Z - info: [ui] execPath: '/opt/github-desktop/github-desktop'
2024-01-09T17:46:23.158Z - info: [ui] [Welcome] no sign in step found. ignoring...
2024-01-09T17:46:24.336Z - info: [ui] [Welcome] no sign in step found. ignoring...
2024-01-09T17:46:24.354Z - info: [ui] Opt in reported.
2024-01-09T17:46:28.674Z - info: [ui] [Welcome] advancing to step: SignInToDotComWithBrowser
2024-01-09T17:46:28.679Z - info: [ui] [SignInStore] initializing OAuth flow
2024-01-09T17:46:28.701Z - info: [main] opening in browser: https://github.com/login/oauth/authorize?client_id=3a723b10ac5575cc5bb9&scope=repo%20user%20workflow&state=94df2272-8788-4960-83d7-20822d1e32f2
2024-01-09T17:46:28.703Z - info: [ui] [Welcome] current sign in state not found. ignoring...
2024-01-09T17:46:48.002Z - info: [ui] [Welcome] kind Authentication is the same as Authentication. ignoring...
2024-01-09T17:47:08.099Z - info: [main] Received possible protocol arguments: 3
2024-01-09T17:47:08.100Z - info: [main] Processing protocol url
2024-01-09T17:47:08.100Z - info: [ui] [Dispatcher] requesting authenticated user
2024-01-09T17:47:08.102Z - info: [ui] [Welcome] kind Authentication is the same as Authentication. ignoring...
2024-01-09T17:47:08.202Z - info: [main] Received possible protocol arguments: 2
2024-01-09T17:47:08.207Z - info: [main] Processing protocol url
2024-01-09T17:47:09.747Z - info: [ui] [SignInStore] account resolved
2024-01-09T17:47:09.750Z - info: [ui] [AppStore] adding account ciosyam (cio) to store
2024-01-09T17:47:09.758Z - info: [ui] [Welcome] advancing to step: ConfigureGit
2024-01-09T17:47:09.896Z - info: [ui] [Welcome] no sign in step found. ignoring...
2024-01-09T17:47:24.625Z - info: [ui] [Welcome] no sign in step found. ignoring...
2024-01-09T17:47:34.797Z - error: [ui] Error adding account 'ciosyam'
Error: Error calling StartServiceByName for org.freedesktop.secrets: Timeout was reached
2024-01-09T17:47:52.097Z - info: [ui] [AppStore] adding repository at /home/cio/ciosyam.xyz to store
2024-01-09T17:48:33.564Z - error: [ui] `git -c credential.helper= fetch --progress --prune --recurse-submodules=on-demand origin` exited with an unexpected code: 128.
stderr:
remote: Repository not found.
fatal: Authentication failed for 'https://github.com/ciosyam/ciosyam.xyz.git/'

(The error was parsed as 3: Authentication failed. Some common reasons include:

- You are not logged in to your account: see File > Options.
- You may need to log out and log back in to refresh your token.
- You do not have permission to access this repository.
- The repository is archived on GitHub. Check the repository settings to confirm you are still permitted to push commits.
- If you use SSH authentication, check that your key is added to the ssh-agent and associated with your account.
- If you use SSH authentication, ensure the host key verification passes for your repository hosting service.
- If you used username / password authentication, you might need to use a Personal Access Token instead of your account password. Check the documentation of your repository hosting service.)
2024-01-09T17:48:34.527Z - info: [ui] [RepositoryIndicatorUpdater]: Refreshing sidebar indicators for 1 repositories took 1.8s of which 0.0s paused, total 1.8s
2024-01-09T17:49:35.720Z - info: [ui] storing generic credentials for 'github.com' and 'ciosyam'
2024-01-09T17:50:00.752Z - error: [ui] Error saving generic git credentials: ciosyam@github.com
Error: Error calling StartServiceByName for org.freedesktop.secrets: Timeout was reached
2024-01-09T17:51:16.438Z - info: [ui] [Timing] Action 'create commit' for 'ciosyam.xyz' took 0.697s
2024-01-09T17:54:05.204Z - info: [ui] [AppStore] loading 1 repositories from store
2024-01-09T17:54:05.764Z - info: [ui] launching: 3.3.6-linux3 (Linux 6.6.10-arch1-1)
2024-01-09T17:54:05.765Z - info: [ui] execPath: '/opt/github-desktop/github-desktop'
2024-01-09T17:54:07.729Z - info: [ui] Stats reported.
