[INFO  Sat 23 Sep 2023 10:44:44 AM WIB] ...e/nvim/lazy/mason.nvim/lua/mason-core/installer/init.lua:184: Executing installer for Package(name=lua-language-server) {}
[INFO  Sat 23 Sep 2023 10:44:44 AM WIB] ...e/nvim/lazy/mason.nvim/lua/mason-core/installer/init.lua:184: Executing installer for Package(name=stylua) {}
[INFO  Sat 23 Sep 2023 10:44:44 AM WIB] ...e/nvim/lazy/mason.nvim/lua/mason-core/installer/init.lua:184: Executing installer for Package(name=css-lsp) {}
[INFO  Sat 23 Sep 2023 10:44:44 AM WIB] ...e/nvim/lazy/mason.nvim/lua/mason-core/installer/init.lua:184: Executing installer for Package(name=html-lsp) {}
[INFO  Sat 23 Sep 2023 10:44:44 AM WIB] ...e/nvim/lazy/mason.nvim/lua/mason-core/installer/init.lua:184: Executing installer for Package(name=typescript-language-server) {}
[INFO  Sat 23 Sep 2023 10:44:44 AM WIB] ...e/nvim/lazy/mason.nvim/lua/mason-core/installer/init.lua:184: Executing installer for Package(name=deno) {}
[INFO  Sat 23 Sep 2023 10:44:44 AM WIB] ...e/nvim/lazy/mason.nvim/lua/mason-core/installer/init.lua:184: Executing installer for Package(name=prettier) {}
[INFO  Sat 23 Sep 2023 10:44:44 AM WIB] ...e/nvim/lazy/mason.nvim/lua/mason-core/installer/init.lua:184: Executing installer for Package(name=clangd) {}
[INFO  Sat 23 Sep 2023 10:44:44 AM WIB] ...e/nvim/lazy/mason.nvim/lua/mason-core/installer/init.lua:184: Executing installer for Package(name=clang-format) {}
[ERROR Sat 23 Sep 2023 10:44:44 AM WIB] ...e/nvim/lazy/mason.nvim/lua/mason-core/installer/init.lua:249: Installation failed for Package(name=css-lsp) error=spawn: npm failed with exit code - and signal -. npm is not executable
[ERROR Sat 23 Sep 2023 10:44:44 AM WIB] ...e/nvim/lazy/mason.nvim/lua/mason-core/installer/init.lua:249: Installation failed for Package(name=html-lsp) error=spawn: npm failed with exit code - and signal -. npm is not executable
[ERROR Sat 23 Sep 2023 10:44:44 AM WIB] ...e/nvim/lazy/mason.nvim/lua/mason-core/installer/init.lua:249: Installation failed for Package(name=typescript-language-server) error=spawn: npm failed with exit code - and signal -. npm is not executable
[ERROR Sat 23 Sep 2023 10:44:45 AM WIB] ...e/nvim/lazy/mason.nvim/lua/mason-core/installer/init.lua:249: Installation failed for Package(name=prettier) error=spawn: npm failed with exit code - and signal -. npm is not executable
[INFO  Sat 23 Sep 2023 10:44:48 AM WIB] ...e/nvim/lazy/mason.nvim/lua/mason-core/installer/init.lua:245: Installation succeeded for Package(name=lua-language-server)
[INFO  Sat 23 Sep 2023 10:44:50 AM WIB] ...e/nvim/lazy/mason.nvim/lua/mason-core/installer/init.lua:245: Installation succeeded for Package(name=stylua)
[INFO  Sat 23 Sep 2023 10:44:57 AM WIB] ...e/nvim/lazy/mason.nvim/lua/mason-core/installer/init.lua:245: Installation succeeded for Package(name=clang-format)
[INFO  Sat 23 Sep 2023 10:45:18 AM WIB] ...e/nvim/lazy/mason.nvim/lua/mason-core/installer/init.lua:245: Installation succeeded for Package(name=deno)
[INFO  Sat 23 Sep 2023 10:45:28 AM WIB] ...e/nvim/lazy/mason.nvim/lua/mason-core/installer/init.lua:245: Installation succeeded for Package(name=clangd)
[INFO  Sat 23 Sep 2023 03:04:22 PM WIB] ...e/nvim/lazy/mason.nvim/lua/mason-core/installer/init.lua:184: Executing installer for Package(name=lua-language-server) {}
[INFO  Sat 23 Sep 2023 03:04:26 PM WIB] ...e/nvim/lazy/mason.nvim/lua/mason-core/installer/init.lua:245: Installation succeeded for Package(name=lua-language-server)
