[23:48:40.000][info] [#0:/home/cio/.local/share/nvim/mason/packages/lua-language-server/libexec/main.lua:66]: Lua Lsp startup, root: 	/home/cio/.local/share/nvim/mason/packages/lua-language-server/libexec
[23:48:40.000][info] [#0:/home/cio/.local/share/nvim/mason/packages/lua-language-server/libexec/main.lua:67]: ROOT:	/home/cio/.local/share/nvim/mason/packages/lua-language-server/libexec
[23:48:40.000][info] [#0:/home/cio/.local/share/nvim/mason/packages/lua-language-server/libexec/main.lua:68]: LOGPATH:	/home/cio/.local/share/nvim/mason/packages/lua-language-server/libexec/log
[23:48:40.000][info] [#0:/home/cio/.local/share/nvim/mason/packages/lua-language-server/libexec/main.lua:69]: METAPATH:	/home/cio/.local/share/nvim/mason/packages/lua-language-server/libexec/meta
[23:48:40.000][info] [#0:/home/cio/.local/share/nvim/mason/packages/lua-language-server/libexec/main.lua:70]: VERSION:	3.7.0
[23:48:40.034][info] [#0:script/service/service.lua:144]: 
========= Medical Examination Report =========
    --------------- Memory ---------------
        Total: 2.140 MB
        # 00 : 2.140 MB
        # 01 : 0.000 MB
        # 02 : 0.000 MB
        # 03 : 0.000 MB
        # 04 : 0.000 MB
    --------------- Coroutine ---------------
        Total:     0
        Running:   0
        Suspended: 0
        Normal:    0
        Dead:      0
    --------------- Cache ---------------
        Total: 1
        Dead:  0
    ---------------  RPC  ---------------
        Holdon:   0
        Waiting:  0
==============================================
[23:48:40.041][info] [#0:script/client.lua:657]: Client init	{
  capabilities = {
    textDocument = {
      callHierarchy = {
        dynamicRegistration = false
      },
      codeAction = {
        codeActionLiteralSupport = {
          codeActionKind = {
            valueSet = { "", "quickfix", "refactor", "refactor.extract", "refactor.inline", "refactor.rewrite", "source", "source.organizeImports" }
          }
        },
        dataSupport = true,
        dynamicRegistration = false,
        isPreferredSupport = true,
        resolveSupport = {
          properties = { "edit" }
        }
      },
      completion = {
        completionItem = {
          commitCharactersSupport = true,
          deprecatedSupport = true,
          documentationFormat = { "markdown", "plaintext" },
          insertReplaceSupport = true,
          labelDetailsSupport = true,
          preselectSupport = true,
          resolveSupport = {
            properties = { "documentation", "detail", "additionalTextEdits" }
          },
          snippetSupport = true,
          tagSupport = {
            valueSet = { 1 }
          }
        },
        completionItemKind = {
          valueSet = { 1, 2, 3, 4, 5, 6, 7, 8, 9, 10, 11, 12, 13, 14, 15, 16, 17, 18, 19, 20, 21, 22, 23, 24, 25 }
        },
        contextSupport = false,
        dynamicRegistration = false
      },
      declaration = {
        linkSupport = true
      },
      definition = {
        linkSupport = true
      },
      documentHighlight = {
        dynamicRegistration = false
      },
      documentSymbol = {
        dynamicRegistration = false,
        hierarchicalDocumentSymbolSupport = true,
        symbolKind = {
          valueSet = { 1, 2, 3, 4, 5, 6, 7, 8, 9, 10, 11, 12, 13, 14, 15, 16, 17, 18, 19, 20, 21, 22, 23, 24, 25, 26 }
        }
      },
      hover = {
        contentFormat = { "markdown", "plaintext" },
        dynamicRegistration = false
      },
      implementation = {
        linkSupport = true
      },
      publishDiagnostics = {
        relatedInformation = true,
        tagSupport = {
          valueSet = { 1, 2 }
        }
      },
      references = {
        dynamicRegistration = false
      },
      rename = {
        dynamicRegistration = false,
        prepareSupport = true
      },
      semanticTokens = {
        augmentsSyntaxTokens = true,
        dynamicRegistration = false,
        formats = { "relative" },
        multilineTokenSupport = false,
        overlappingTokenSupport = true,
        requests = {
          full = {
            delta = true
          },
          range = false
        },
        serverCancelSupport = false,
        tokenModifiers = { "declaration", "definition", "readonly", "static", "deprecated", "abstract", "async", "modification", "documentation", "defaultLibrary" },
        tokenTypes = { "namespace", "type", "class", "enum", "interface", "struct", "typeParameter", "parameter", "variable", "property", "enumMember", "event", "function", "method", "macro", "keyword", "modifier", "comment", "string", "number", "regexp", "operator", "decorator" }
      },
      signatureHelp = {
        dynamicRegistration = false,
        signatureInformation = {
          activeParameterSupport = true,
          documentationFormat = { "markdown", "plaintext" },
          parameterInformation = {
            labelOffsetSupport = true
          }
        }
      },
      synchronization = {
        didSave = true,
        dynamicRegistration = false,
        willSave = true,
        willSaveWaitUntil = true
      },
      typeDefinition = {
        linkSupport = true
      }
    },
    window = {
      showDocument = {
        support = true
      },
      showMessage = {
        messageActionItem = {
          additionalPropertiesSupport = false
        }
      },
      workDoneProgress = true
    },
    workspace = {
      applyEdit = true,
      configuration = true,
      didChangeWatchedFiles = {
        dynamicRegistration = false,
        relativePatternSupport = true
      },
      semanticTokens = {
        refreshSupport = true
      },
      symbol = {
        dynamicRegistration = false,
        hierarchicalWorkspaceSymbolSupport = true,
        symbolKind = {
          valueSet = { 1, 2, 3, 4, 5, 6, 7, 8, 9, 10, 11, 12, 13, 14, 15, 16, 17, 18, 19, 20, 21, 22, 23, 24, 25, 26 }
        }
      },
      workspaceEdit = {
        resourceOperations = { "rename", "create", "delete" }
      },
      workspaceFolders = true
    }
  },
  clientInfo = {
    name = "Neovim",
    version = "0.9.4"
  },
  initializationOptions = {},
  processId = 27623,
  rootPath = "/home/cio/.config/nvim",
  rootUri = "file:///home/cio/.config/nvim",
  trace = "off",
  workspaceFolders = { {
      name = "/home/cio/.config/nvim",
      uri = "file:///home/cio/.config/nvim"
    } }
}
[23:48:40.041][info] [#0:script/language.lua:137]: VSC language: nil
[23:48:40.041][info] [#0:script/language.lua:138]: LS  language: en-us
[23:48:40.041][info] [#0:script/workspace/workspace.lua:38]: Workspace init root: 	file:///home/cio/.config/nvim
[23:48:40.041][info] [#0:script/workspace/workspace.lua:42]: Log path: 	/home/cio/.local/share/nvim/mason/packages/lua-language-server/libexec/log/file_home_cio_.config_nvim.log
[23:48:40.042][info] [#0:script/workspace/workspace.lua:48]: Workspace create: 	file:///home/cio/.config/nvim
[23:48:40.146][info] [#0:script/provider/provider.lua:46]: Load config from client	file:///home/cio/.config/nvim
[23:48:40.146][info] [#0:script/provider/provider.lua:47]: {
  Lua = {
    diagnostics = {
      globals = { "vim" }
    },
    workspace = {
      library = {
        ["/home/cio/.local/share/nvim/lazy/lazy.nvim/lua/lazy"] = true,
        ["/home/cio/.local/share/nvim/lazy/ui/nvchad_types"] = true,
        ["/usr/share/nvim/runtime/lua"] = true,
        ["/usr/share/nvim/runtime/lua/vim/lsp"] = true
      },
      maxPreload = 100000,
      preloadFileSize = 10000
    }
  }
}
[23:48:40.147][info] [#0:script/provider/provider.lua:46]: Load config from client	file:///home/cio/.config/nvim
[23:48:40.147][info] [#0:script/provider/provider.lua:47]: {
  Lua = {
    diagnostics = {
      globals = { "vim" }
    },
    workspace = {
      library = {
        ["/home/cio/.local/share/nvim/lazy/lazy.nvim/lua/lazy"] = true,
        ["/home/cio/.local/share/nvim/lazy/ui/nvchad_types"] = true,
        ["/usr/share/nvim/runtime/lua"] = true,
        ["/usr/share/nvim/runtime/lua/vim/lsp"] = true
      },
      maxPreload = 100000,
      preloadFileSize = 10000
    }
  }
}
[23:48:40.147][info] [#0:script/provider/provider.lua:46]: Load config from client	file:///home/cio/.config/nvim
[23:48:40.148][info] [#0:script/provider/provider.lua:47]: {
  Lua = {
    diagnostics = {
      globals = { "vim" }
    },
    workspace = {
      library = {
        ["/home/cio/.local/share/nvim/lazy/lazy.nvim/lua/lazy"] = true,
        ["/home/cio/.local/share/nvim/lazy/ui/nvchad_types"] = true,
        ["/usr/share/nvim/runtime/lua"] = true,
        ["/usr/share/nvim/runtime/lua/vim/lsp"] = true
      },
      maxPreload = 100000,
      preloadFileSize = 10000
    }
  }
}
[23:48:40.148][info] [#0:script/provider/provider.lua:61]: Load config from client	fallback
[23:48:40.148][info] [#0:script/provider/provider.lua:62]: {
  Lua = {
    diagnostics = {
      globals = { "vim" }
    },
    workspace = {
      library = {
        ["/home/cio/.local/share/nvim/lazy/lazy.nvim/lua/lazy"] = true,
        ["/home/cio/.local/share/nvim/lazy/ui/nvchad_types"] = true,
        ["/usr/share/nvim/runtime/lua"] = true,
        ["/usr/share/nvim/runtime/lua/vim/lsp"] = true
      },
      maxPreload = 100000,
      preloadFileSize = 10000
    }
  }
}
[23:48:40.149][info] [#0:script/provider/provider.lua:61]: Load config from client	fallback
[23:48:40.149][info] [#0:script/provider/provider.lua:62]: {
  Lua = {
    diagnostics = {
      globals = { "vim" }
    },
    workspace = {
      library = {
        ["/home/cio/.local/share/nvim/lazy/lazy.nvim/lua/lazy"] = true,
        ["/home/cio/.local/share/nvim/lazy/ui/nvchad_types"] = true,
        ["/usr/share/nvim/runtime/lua"] = true,
        ["/usr/share/nvim/runtime/lua/vim/lsp"] = true
      },
      maxPreload = 100000,
      preloadFileSize = 10000
    }
  }
}
[23:48:40.149][info] [#0:script/provider/provider.lua:61]: Load config from client	fallback
[23:48:40.149][info] [#0:script/provider/provider.lua:62]: {
  Lua = {
    diagnostics = {
      globals = { "vim" }
    },
    workspace = {
      library = {
        ["/home/cio/.local/share/nvim/lazy/lazy.nvim/lua/lazy"] = true,
        ["/home/cio/.local/share/nvim/lazy/ui/nvchad_types"] = true,
        ["/usr/share/nvim/runtime/lua"] = true,
        ["/usr/share/nvim/runtime/lua/vim/lsp"] = true
      },
      maxPreload = 100000,
      preloadFileSize = 10000
    }
  }
}
[23:48:40.251][info] [#0:script/library.lua:212]: Init builtin library at:	file:///home/cio/.config/nvim
[23:48:40.311][info] [#0:script/plugin.lua:86]: plugin path:	/home/cio/.config/nvim
[23:48:40.311][warn] [#0:script/plugin.lua:101]: plugin not found:	/home/cio/.config/nvim
[23:48:40.311][info] [#0:script/library.lua:212]: Init builtin library at:	nil
[23:48:40.425][info] [#0:script/workspace/workspace.lua:324]: Preload start:	file:///home/cio/.config/nvim
[23:48:40.442][info] [#0:script/workspace/workspace.lua:330]: Scan files at:	file:///home/cio/.config/nvim
[23:48:40.448][info] [#0:script/workspace/workspace.lua:324]: Preload start:	<fallback>
[23:48:40.461][info] [#0:script/workspace/workspace.lua:353]: Scan library at:	file:///home/cio/.local/share/nvim/mason/packages/lua-language-server/libexec/meta/Lua%205.4%20en-us%20utf8/basic.lua
[23:48:40.462][info] [#0:script/workspace/workspace.lua:353]: Scan library at:	file:///home/cio/.local/share/nvim/mason/packages/lua-language-server/libexec/meta/Lua%205.4%20en-us%20utf8/string.lua
[23:48:40.463][info] [#0:script/workspace/workspace.lua:353]: Scan library at:	file:///home/cio/.local/share/nvim/mason/packages/lua-language-server/libexec/meta/Lua%205.4%20en-us%20utf8/math.lua
[23:48:40.463][info] [#0:script/workspace/workspace.lua:353]: Scan library at:	file:///home/cio/.local/share/nvim/mason/packages/lua-language-server/libexec/meta/Lua%205.4%20en-us%20utf8/table.lua
[23:48:40.463][info] [#0:script/workspace/workspace.lua:353]: Scan library at:	file:///home/cio/.local/share/nvim/lazy/ui/nvchad_types
[23:48:40.465][info] [#0:script/workspace/workspace.lua:353]: Scan library at:	file:///home/cio/.local/share/nvim/mason/packages/lua-language-server/libexec/meta/Lua%205.4%20en-us%20utf8/builtin.lua
[23:48:40.465][info] [#0:script/workspace/workspace.lua:353]: Scan library at:	file:///home/cio/.local/share/nvim/mason/packages/lua-language-server/libexec/meta/Lua%205.4%20en-us%20utf8/os.lua
[23:48:40.466][info] [#0:script/workspace/workspace.lua:353]: Scan library at:	file:///home/cio/.local/share/nvim/mason/packages/lua-language-server/libexec/meta/Lua%205.4%20en-us%20utf8/coroutine.lua
[23:48:40.466][info] [#0:script/workspace/workspace.lua:353]: Scan library at:	file:///home/cio/.local/share/nvim/lazy/lazy.nvim/lua/lazy
[23:48:40.471][info] [#0:script/workspace/workspace.lua:353]: Scan library at:	file:///home/cio/.local/share/nvim/mason/packages/lua-language-server/libexec/meta/Lua%205.4%20en-us%20utf8/basic.lua
[23:48:40.471][info] [#0:script/workspace/workspace.lua:353]: Scan library at:	file:///home/cio/.local/share/nvim/mason/packages/lua-language-server/libexec/meta/Lua%205.4%20en-us%20utf8/string.lua
[23:48:40.472][info] [#0:script/workspace/workspace.lua:353]: Scan library at:	file:///home/cio/.local/share/nvim/mason/packages/lua-language-server/libexec/meta/Lua%205.4%20en-us%20utf8/math.lua
[23:48:40.472][info] [#0:script/workspace/workspace.lua:353]: Scan library at:	file:///home/cio/.local/share/nvim/mason/packages/lua-language-server/libexec/meta/Lua%205.4%20en-us%20utf8/table.lua
[23:48:40.472][info] [#0:script/workspace/workspace.lua:353]: Scan library at:	file:///home/cio/.local/share/nvim/lazy/ui/nvchad_types
[23:48:40.473][info] [#0:script/workspace/workspace.lua:353]: Scan library at:	file:///home/cio/.local/share/nvim/mason/packages/lua-language-server/libexec/meta/Lua%205.4%20en-us%20utf8/builtin.lua
[23:48:40.473][info] [#0:script/workspace/workspace.lua:353]: Scan library at:	file:///home/cio/.local/share/nvim/mason/packages/lua-language-server/libexec/meta/Lua%205.4%20en-us%20utf8/os.lua
[23:48:40.473][info] [#0:script/workspace/workspace.lua:353]: Scan library at:	file:///home/cio/.local/share/nvim/mason/packages/lua-language-server/libexec/meta/Lua%205.4%20en-us%20utf8/coroutine.lua
[23:48:40.474][info] [#0:script/workspace/workspace.lua:353]: Scan library at:	file:///home/cio/.local/share/nvim/lazy/lazy.nvim/lua/lazy
[23:48:40.476][info] [#0:script/workspace/workspace.lua:353]: Scan library at:	file:///home/cio/.local/share/nvim/mason/packages/lua-language-server/libexec/meta/Lua%205.4%20en-us%20utf8/package.lua
[23:48:40.476][info] [#0:script/workspace/workspace.lua:353]: Scan library at:	file:///usr/share/nvim/runtime/lua/vim/lsp
[23:48:40.478][info] [#0:script/workspace/workspace.lua:353]: Scan library at:	file:///home/cio/.local/share/nvim/mason/packages/lua-language-server/libexec/meta/Lua%205.4%20en-us%20utf8/utf8.lua
[23:48:40.478][info] [#0:script/workspace/workspace.lua:353]: Scan library at:	file:///home/cio/.local/share/nvim/mason/packages/lua-language-server/libexec/meta/Lua%205.4%20en-us%20utf8/debug.lua
[23:48:40.478][info] [#0:script/workspace/workspace.lua:353]: Scan library at:	file:///usr/share/nvim/runtime/lua
[23:48:40.480][info] [#0:script/workspace/workspace.lua:353]: Scan library at:	file:///home/cio/.local/share/nvim/mason/packages/lua-language-server/libexec/meta/Lua%205.4%20en-us%20utf8/package.lua
[23:48:40.480][info] [#0:script/workspace/workspace.lua:353]: Scan library at:	file:///usr/share/nvim/runtime/lua/vim/lsp
[23:48:40.482][info] [#0:script/workspace/workspace.lua:353]: Scan library at:	file:///home/cio/.local/share/nvim/mason/packages/lua-language-server/libexec/meta/Lua%205.4%20en-us%20utf8/utf8.lua
[23:48:40.482][info] [#0:script/workspace/workspace.lua:353]: Scan library at:	file:///home/cio/.local/share/nvim/mason/packages/lua-language-server/libexec/meta/Lua%205.4%20en-us%20utf8/debug.lua
[23:48:40.482][info] [#0:script/workspace/workspace.lua:353]: Scan library at:	file:///usr/share/nvim/runtime/lua
[23:48:40.484][info] [#0:script/workspace/workspace.lua:353]: Scan library at:	file:///home/cio/.local/share/nvim/mason/packages/lua-language-server/libexec/meta/Lua%205.4%20en-us%20utf8/io.lua
[23:48:40.485][info] [#0:script/workspace/workspace.lua:353]: Scan library at:	file:///home/cio/.local/share/nvim/mason/packages/lua-language-server/libexec/meta/Lua%205.4%20en-us%20utf8/io.lua
[23:48:40.586][info] [#0:script/workspace/workspace.lua:379]: Found 124 files at:	<fallback>
[23:48:40.586][info] [#0:script/workspace/loading.lua:161]: Load files from disk:	<fallback>
[23:48:40.586][info] [#0:script/workspace/workspace.lua:379]: Found 139 files at:	file:///home/cio/.config/nvim
[23:48:40.586][info] [#0:script/workspace/loading.lua:161]: Load files from disk:	file:///home/cio/.config/nvim
[23:48:40.591][info] [#0:script/workspace/loading.lua:101]: Preload file at: file:///home/cio/.local/share/nvim/mason/packages/lua-language-server/libexec/meta/Lua%205.4%20en-us%20utf8/io.lua , size = 6.364 KB
[23:48:40.600][info] [#0:script/workspace/loading.lua:113]: ++++As library of:	file:///home/cio/.local/share/nvim/mason/packages/lua-language-server/libexec/meta/Lua%205.4%20en-us%20utf8/io.lua
[23:48:40.600][info] [#0:script/workspace/loading.lua:98]: Skip loaded file: file:///home/cio/.local/share/nvim/mason/packages/lua-language-server/libexec/meta/Lua%205.4%20en-us%20utf8/io.lua
[23:48:40.600][info] [#0:script/workspace/loading.lua:101]: Preload file at: file:///usr/share/nvim/runtime/lua/_vim9script.lua , size = 15.439 KB
[23:48:40.615][info] [#0:script/workspace/loading.lua:113]: ++++As library of:	file:///usr/share/nvim/runtime/lua
[23:48:40.615][info] [#0:script/workspace/loading.lua:98]: Skip loaded file: file:///usr/share/nvim/runtime/lua/_vim9script.lua
[23:48:40.615][info] [#0:script/workspace/loading.lua:101]: Preload file at: file:///usr/share/nvim/runtime/lua/editorconfig.lua , size = 7.479 KB
[23:48:40.621][info] [#0:script/workspace/loading.lua:113]: ++++As library of:	file:///usr/share/nvim/runtime/lua
[23:48:40.621][info] [#0:script/workspace/loading.lua:98]: Skip loaded file: file:///usr/share/nvim/runtime/lua/editorconfig.lua
[23:48:40.621][info] [#0:script/workspace/loading.lua:101]: Preload file at: file:///usr/share/nvim/runtime/lua/man.lua , size = 25.082 KB
[23:48:40.640][info] [#0:script/workspace/loading.lua:113]: ++++As library of:	file:///usr/share/nvim/runtime/lua
[23:48:40.640][info] [#0:script/workspace/loading.lua:98]: Skip loaded file: file:///usr/share/nvim/runtime/lua/man.lua
[23:48:40.640][info] [#0:script/workspace/loading.lua:101]: Preload file at: file:///usr/share/nvim/runtime/lua/vim/treesitter/highlighter.lua , size = 8.781 KB
[23:48:40.652][info] [#0:script/workspace/loading.lua:113]: ++++As library of:	file:///usr/share/nvim/runtime/lua
[23:48:40.652][info] [#0:script/workspace/loading.lua:98]: Skip loaded file: file:///usr/share/nvim/runtime/lua/vim/treesitter/highlighter.lua
[23:48:40.652][info] [#0:script/workspace/loading.lua:101]: Preload file at: file:///usr/share/nvim/runtime/lua/vim/treesitter/health.lua , size = 0.888 KB
[23:48:40.653][info] [#0:script/workspace/loading.lua:113]: ++++As library of:	file:///usr/share/nvim/runtime/lua
[23:48:40.653][info] [#0:script/workspace/loading.lua:98]: Skip loaded file: file:///usr/share/nvim/runtime/lua/vim/treesitter/health.lua
[23:48:40.653][info] [#0:script/workspace/loading.lua:101]: Preload file at: file:///usr/share/nvim/runtime/lua/vim/treesitter/languagetree.lua , size = 27.647 KB
[23:48:40.674][info] [#0:script/workspace/loading.lua:113]: ++++As library of:	file:///usr/share/nvim/runtime/lua
[23:48:40.674][info] [#0:script/workspace/loading.lua:98]: Skip loaded file: file:///usr/share/nvim/runtime/lua/vim/treesitter/languagetree.lua
[23:48:40.674][info] [#0:script/workspace/loading.lua:101]: Preload file at: file:///usr/share/nvim/runtime/lua/vim/treesitter/query.lua , size = 21.253 KB
[23:48:40.695][info] [#0:script/workspace/loading.lua:113]: ++++As library of:	file:///usr/share/nvim/runtime/lua
[23:48:40.695][info] [#0:script/workspace/loading.lua:98]: Skip loaded file: file:///usr/share/nvim/runtime/lua/vim/treesitter/query.lua
[23:48:40.695][info] [#0:script/workspace/loading.lua:101]: Preload file at: file:///usr/share/nvim/runtime/lua/vim/treesitter/language.lua , size = 3.558 KB
[23:48:40.698][info] [#0:script/workspace/loading.lua:113]: ++++As library of:	file:///usr/share/nvim/runtime/lua
[23:48:40.698][info] [#0:script/workspace/loading.lua:101]: Preload file at: file:///usr/share/nvim/runtime/lua/vim/treesitter/_meta.lua , size = 2.839 KB
[23:48:40.701][info] [#0:script/workspace/loading.lua:113]: ++++As library of:	file:///usr/share/nvim/runtime/lua
[23:48:40.701][info] [#0:script/workspace/loading.lua:98]: Skip loaded file: file:///usr/share/nvim/runtime/lua/vim/treesitter/_meta.lua
[23:48:40.701][info] [#0:script/workspace/loading.lua:101]: Preload file at: file:///usr/share/nvim/runtime/lua/vim/treesitter/_range.lua , size = 3.646 KB
[23:48:40.705][info] [#0:script/workspace/loading.lua:113]: ++++As library of:	file:///usr/share/nvim/runtime/lua
[23:48:40.705][info] [#0:script/workspace/loading.lua:98]: Skip loaded file: file:///usr/share/nvim/runtime/lua/vim/treesitter/language.lua
[23:48:40.705][info] [#0:script/workspace/loading.lua:98]: Skip loaded file: file:///usr/share/nvim/runtime/lua/vim/treesitter/_range.lua
[23:48:40.705][info] [#0:script/workspace/loading.lua:101]: Preload file at: file:///usr/share/nvim/runtime/lua/vim/treesitter/_fold.lua , size = 8.207 KB
[23:48:40.711][info] [#0:script/workspace/loading.lua:113]: ++++As library of:	file:///usr/share/nvim/runtime/lua
[23:48:40.711][info] [#0:script/workspace/loading.lua:98]: Skip loaded file: file:///usr/share/nvim/runtime/lua/vim/treesitter/_fold.lua
[23:48:40.711][info] [#0:script/workspace/loading.lua:101]: Preload file at: file:///usr/share/nvim/runtime/lua/vim/treesitter/playground.lua , size = 12.562 KB
[23:48:40.721][info] [#0:script/workspace/loading.lua:113]: ++++As library of:	file:///usr/share/nvim/runtime/lua
[23:48:40.721][info] [#0:script/workspace/loading.lua:101]: Preload file at: file:///usr/share/nvim/runtime/lua/vim/_watch.lua , size = 5.387 KB
[23:48:40.725][info] [#0:script/workspace/loading.lua:113]: ++++As library of:	file:///usr/share/nvim/runtime/lua
[23:48:40.726][info] [#0:script/workspace/loading.lua:98]: Skip loaded file: file:///usr/share/nvim/runtime/lua/vim/treesitter/playground.lua
[23:48:40.726][info] [#0:script/workspace/loading.lua:98]: Skip loaded file: file:///usr/share/nvim/runtime/lua/vim/_watch.lua
[23:48:40.726][info] [#0:script/workspace/loading.lua:101]: Preload file at: file:///usr/share/nvim/runtime/lua/vim/shared.lua , size = 22.292 KB
[23:48:40.742][info] [#0:script/workspace/loading.lua:113]: ++++As library of:	file:///usr/share/nvim/runtime/lua
[23:48:40.742][info] [#0:script/workspace/loading.lua:98]: Skip loaded file: file:///usr/share/nvim/runtime/lua/vim/shared.lua
[23:48:40.742][info] [#0:script/workspace/loading.lua:101]: Preload file at: file:///usr/share/nvim/runtime/lua/vim/_editor.lua , size = 29.364 KB
[23:48:40.770][info] [#0:script/workspace/loading.lua:113]: ++++As library of:	file:///usr/share/nvim/runtime/lua
[23:48:40.770][info] [#0:script/workspace/loading.lua:98]: Skip loaded file: file:///usr/share/nvim/runtime/lua/vim/_editor.lua
[23:48:40.770][info] [#0:script/workspace/loading.lua:101]: Preload file at: file:///usr/share/nvim/runtime/lua/vim/lsp.lua , size = 82.377 KB
[23:48:40.814][info] [#0:script/workspace/loading.lua:113]: ++++As library of:	file:///usr/share/nvim/runtime/lua
[23:48:40.814][info] [#0:script/workspace/loading.lua:101]: Preload file at: file:///usr/share/nvim/runtime/lua/vim/lsp/tagfunc.lua , size = 2.339 KB
[23:48:40.816][info] [#0:script/workspace/loading.lua:113]: ++++As library of:	file:///usr/share/nvim/runtime/lua
[23:48:40.816][info] [#0:script/workspace/loading.lua:98]: Skip loaded file: file:///usr/share/nvim/runtime/lua/vim/lsp.lua
[23:48:40.816][info] [#0:script/workspace/loading.lua:98]: Skip loaded file: file:///usr/share/nvim/runtime/lua/vim/lsp/tagfunc.lua
[23:48:40.817][info] [#0:script/workspace/loading.lua:101]: Preload file at: file:///usr/share/nvim/runtime/lua/vim/lsp/types.lua , size = 0.924 KB
[23:48:40.818][info] [#0:script/workspace/loading.lua:113]: ++++As library of:	file:///usr/share/nvim/runtime/lua
[23:48:40.818][info] [#0:script/workspace/loading.lua:98]: Skip loaded file: file:///usr/share/nvim/runtime/lua/vim/lsp/types.lua
[23:48:40.818][info] [#0:script/workspace/loading.lua:101]: Preload file at: file:///usr/share/nvim/runtime/lua/vim/lsp/sync.lua , size = 15.681 KB
[23:48:40.825][info] [#0:script/workspace/loading.lua:113]: ++++As library of:	file:///usr/share/nvim/runtime/lua
[23:48:40.826][info] [#0:script/workspace/loading.lua:98]: Skip loaded file: file:///usr/share/nvim/runtime/lua/vim/lsp/sync.lua
[23:48:40.826][info] [#0:script/workspace/loading.lua:101]: Preload file at: file:///usr/share/nvim/runtime/lua/vim/lsp/buf.lua , size = 27.969 KB
[23:48:40.854][info] [#0:script/workspace/loading.lua:113]: ++++As library of:	file:///usr/share/nvim/runtime/lua
[23:48:40.854][info] [#0:script/workspace/loading.lua:101]: Preload file at: file:///usr/share/nvim/runtime/lua/vim/lsp/health.lua , size = 1.240 KB
[23:48:40.855][info] [#0:script/workspace/loading.lua:113]: ++++As library of:	file:///usr/share/nvim/runtime/lua
[23:48:40.855][info] [#0:script/workspace/loading.lua:98]: Skip loaded file: file:///usr/share/nvim/runtime/lua/vim/lsp/health.lua
[23:48:40.855][info] [#0:script/workspace/loading.lua:98]: Skip loaded file: file:///usr/share/nvim/runtime/lua/vim/lsp/buf.lua
[23:48:40.855][info] [#0:script/workspace/loading.lua:101]: Preload file at: file:///usr/share/nvim/runtime/lua/vim/lsp/handlers.lua , size = 23.587 KB
[23:48:40.869][info] [#0:script/workspace/loading.lua:113]: ++++As library of:	file:///usr/share/nvim/runtime/lua
[23:48:40.869][info] [#0:script/workspace/loading.lua:98]: Skip loaded file: file:///usr/share/nvim/runtime/lua/vim/lsp/handlers.lua
[23:48:40.869][info] [#0:script/workspace/loading.lua:101]: Preload file at: file:///usr/share/nvim/runtime/lua/vim/lsp/codelens.lua , size = 8.554 KB
[23:48:40.875][info] [#0:script/workspace/loading.lua:113]: ++++As library of:	file:///usr/share/nvim/runtime/lua
[23:48:40.875][info] [#0:script/workspace/loading.lua:98]: Skip loaded file: file:///usr/share/nvim/runtime/lua/vim/lsp/codelens.lua
[23:48:40.875][info] [#0:script/workspace/loading.lua:101]: Preload file at: file:///usr/share/nvim/runtime/lua/vim/lsp/rpc.lua , size = 23.695 KB
[23:48:40.890][info] [#0:script/workspace/loading.lua:113]: ++++As library of:	file:///usr/share/nvim/runtime/lua
[23:48:40.890][info] [#0:script/workspace/loading.lua:98]: Skip loaded file: file:///usr/share/nvim/runtime/lua/vim/lsp/rpc.lua
[23:48:40.890][info] [#0:script/workspace/loading.lua:101]: Preload file at: file:///usr/share/nvim/runtime/lua/vim/lsp/util.lua , size = 70.764 KB
[23:48:40.936][info] [#0:script/workspace/loading.lua:113]: ++++As library of:	file:///usr/share/nvim/runtime/lua
[23:48:40.936][info] [#0:script/workspace/loading.lua:101]: Preload file at: file:///usr/share/nvim/runtime/lua/vim/lsp/diagnostic.lua , size = 8.867 KB
[23:48:40.942][info] [#0:script/workspace/loading.lua:113]: ++++As library of:	file:///usr/share/nvim/runtime/lua
[23:48:40.942][info] [#0:script/workspace/loading.lua:98]: Skip loaded file: file:///usr/share/nvim/runtime/lua/vim/lsp/util.lua
[23:48:40.942][info] [#0:script/workspace/loading.lua:98]: Skip loaded file: file:///usr/share/nvim/runtime/lua/vim/lsp/diagnostic.lua
[23:48:40.942][info] [#0:script/workspace/loading.lua:101]: Preload file at: file:///usr/share/nvim/runtime/lua/vim/lsp/_snippet.lua , size = 10.744 KB
[23:48:40.953][info] [#0:script/workspace/loading.lua:113]: ++++As library of:	file:///usr/share/nvim/runtime/lua
[23:48:40.953][info] [#0:script/workspace/loading.lua:98]: Skip loaded file: file:///usr/share/nvim/runtime/lua/vim/lsp/_snippet.lua
[23:48:40.953][info] [#0:script/workspace/loading.lua:101]: Preload file at: file:///usr/share/nvim/runtime/lua/vim/lsp/log.lua , size = 5.151 KB
[23:48:40.958][info] [#0:script/workspace/loading.lua:113]: ++++As library of:	file:///usr/share/nvim/runtime/lua
[23:48:40.958][info] [#0:script/workspace/loading.lua:98]: Skip loaded file: file:///usr/share/nvim/runtime/lua/vim/lsp/log.lua
[23:48:40.958][info] [#0:script/workspace/loading.lua:101]: Preload file at: file:///usr/share/nvim/runtime/lua/vim/lsp/semantic_tokens.lua , size = 25.936 KB
[23:48:40.996][info] [#0:script/workspace/loading.lua:113]: ++++As library of:	file:///usr/share/nvim/runtime/lua
[23:48:40.996][info] [#0:script/workspace/loading.lua:98]: Skip loaded file: file:///usr/share/nvim/runtime/lua/vim/lsp/semantic_tokens.lua
[23:48:40.996][info] [#0:script/workspace/loading.lua:101]: Preload file at: file:///usr/share/nvim/runtime/lua/vim/lsp/protocol.lua , size = 28.367 KB
[23:48:41.005][info] [#0:script/workspace/loading.lua:113]: ++++As library of:	file:///usr/share/nvim/runtime/lua
[23:48:41.005][info] [#0:script/workspace/loading.lua:98]: Skip loaded file: file:///usr/share/nvim/runtime/lua/vim/lsp/protocol.lua
[23:48:41.005][info] [#0:script/workspace/loading.lua:101]: Preload file at: file:///usr/share/nvim/runtime/lua/vim/lsp/_watchfiles.lua , size = 9.692 KB
[23:48:41.013][info] [#0:script/workspace/loading.lua:113]: ++++As library of:	file:///usr/share/nvim/runtime/lua
[23:48:41.013][info] [#0:script/workspace/loading.lua:98]: Skip loaded file: file:///usr/share/nvim/runtime/lua/vim/lsp/_watchfiles.lua
[23:48:41.013][info] [#0:script/workspace/loading.lua:101]: Preload file at: file:///usr/share/nvim/runtime/lua/vim/health.lua , size = 1.782 KB
[23:48:41.015][info] [#0:script/workspace/loading.lua:113]: ++++As library of:	file:///usr/share/nvim/runtime/lua
[23:48:41.015][info] [#0:script/workspace/loading.lua:98]: Skip loaded file: file:///usr/share/nvim/runtime/lua/vim/health.lua
[23:48:41.015][info] [#0:script/workspace/loading.lua:101]: Preload file at: file:///usr/share/nvim/runtime/lua/vim/ui.lua , size = 3.672 KB
[23:48:41.017][info] [#0:script/workspace/loading.lua:113]: ++++As library of:	file:///usr/share/nvim/runtime/lua
[23:48:41.017][info] [#0:script/workspace/loading.lua:98]: Skip loaded file: file:///usr/share/nvim/runtime/lua/vim/ui.lua
[23:48:41.017][info] [#0:script/workspace/loading.lua:101]: Preload file at: file:///usr/share/nvim/runtime/lua/vim/version.lua , size = 12.146 KB
[23:48:41.026][info] [#0:script/workspace/loading.lua:113]: ++++As library of:	file:///usr/share/nvim/runtime/lua
[23:48:41.026][info] [#0:script/workspace/loading.lua:98]: Skip loaded file: file:///usr/share/nvim/runtime/lua/vim/version.lua
[23:48:41.026][info] [#0:script/workspace/loading.lua:101]: Preload file at: file:///usr/share/nvim/runtime/lua/vim/highlight.lua , size = 3.749 KB
[23:48:41.028][info] [#0:script/workspace/loading.lua:113]: ++++As library of:	file:///usr/share/nvim/runtime/lua
[23:48:41.028][info] [#0:script/workspace/loading.lua:98]: Skip loaded file: file:///usr/share/nvim/runtime/lua/vim/highlight.lua
[23:48:41.028][info] [#0:script/workspace/loading.lua:101]: Preload file at: file:///usr/share/nvim/runtime/lua/vim/uri.lua , size = 3.376 KB
[23:48:41.031][info] [#0:script/workspace/loading.lua:113]: ++++As library of:	file:///usr/share/nvim/runtime/lua
[23:48:41.031][info] [#0:script/workspace/loading.lua:98]: Skip loaded file: file:///usr/share/nvim/runtime/lua/vim/uri.lua
[23:48:41.031][info] [#0:script/workspace/loading.lua:101]: Preload file at: file:///usr/share/nvim/runtime/lua/vim/filetype/detect.lua , size = 47.659 KB
[23:48:41.061][info] [#0:script/workspace/loading.lua:113]: ++++As library of:	file:///usr/share/nvim/runtime/lua
[23:48:41.061][info] [#0:script/workspace/loading.lua:98]: Skip loaded file: file:///usr/share/nvim/runtime/lua/vim/filetype/detect.lua
[23:48:41.061][info] [#0:script/workspace/loading.lua:101]: Preload file at: file:///usr/share/nvim/runtime/lua/vim/filetype/options.lua , size = 2.561 KB
[23:48:41.065][info] [#0:script/workspace/loading.lua:113]: ++++As library of:	file:///usr/share/nvim/runtime/lua
[23:48:41.065][info] [#0:script/workspace/loading.lua:98]: Skip loaded file: file:///usr/share/nvim/runtime/lua/vim/filetype/options.lua
[23:48:41.065][info] [#0:script/workspace/loading.lua:101]: Preload file at: file:///usr/share/nvim/runtime/lua/vim/diagnostic.lua , size = 56.640 KB
[23:48:41.101][info] [#0:script/workspace/loading.lua:113]: ++++As library of:	file:///usr/share/nvim/runtime/lua
[23:48:41.101][info] [#0:script/workspace/loading.lua:98]: Skip loaded file: file:///usr/share/nvim/runtime/lua/vim/diagnostic.lua
[23:48:41.101][info] [#0:script/workspace/loading.lua:101]: Preload file at: file:///usr/share/nvim/runtime/lua/vim/keymap.lua , size = 3.573 KB
[23:48:41.104][info] [#0:script/workspace/loading.lua:113]: ++++As library of:	file:///usr/share/nvim/runtime/lua
[23:48:41.104][info] [#0:script/workspace/loading.lua:89]: Skip loaded file: file:///usr/share/nvim/runtime/lua/vim/keymap.lua
[23:48:41.104][info] [#0:script/workspace/loading.lua:113]: ++++As library of:	file:///usr/share/nvim/runtime/lua
[23:48:41.104][info] [#0:script/workspace/loading.lua:101]: Preload file at: file:///usr/share/nvim/runtime/lua/vim/_options.lua , size = 12.261 KB
[23:48:41.114][info] [#0:script/workspace/loading.lua:113]: ++++As library of:	file:///usr/share/nvim/runtime/lua
[23:48:41.114][info] [#0:script/workspace/loading.lua:98]: Skip loaded file: file:///usr/share/nvim/runtime/lua/vim/_options.lua
[23:48:41.114][info] [#0:script/workspace/loading.lua:101]: Preload file at: file:///usr/share/nvim/runtime/lua/vim/fs.lua , size = 10.702 KB
[23:48:41.122][info] [#0:script/workspace/loading.lua:113]: ++++As library of:	file:///usr/share/nvim/runtime/lua
[23:48:41.122][info] [#0:script/workspace/loading.lua:98]: Skip loaded file: file:///usr/share/nvim/runtime/lua/vim/fs.lua
[23:48:41.122][info] [#0:script/workspace/loading.lua:101]: Preload file at: file:///usr/share/nvim/runtime/lua/vim/secure.lua , size = 4.830 KB
[23:48:41.128][info] [#0:script/workspace/loading.lua:113]: ++++As library of:	file:///usr/share/nvim/runtime/lua
[23:48:41.128][info] [#0:script/workspace/loading.lua:98]: Skip loaded file: file:///usr/share/nvim/runtime/lua/vim/secure.lua
[23:48:41.128][info] [#0:script/workspace/loading.lua:101]: Preload file at: file:///usr/share/nvim/runtime/lua/vim/_inspector.lua , size = 7.915 KB
[23:48:41.134][info] [#0:script/workspace/loading.lua:113]: ++++As library of:	file:///usr/share/nvim/runtime/lua
[23:48:41.134][info] [#0:script/workspace/loading.lua:98]: Skip loaded file: file:///usr/share/nvim/runtime/lua/vim/_inspector.lua
[23:48:41.134][info] [#0:script/workspace/loading.lua:101]: Preload file at: file:///usr/share/nvim/runtime/lua/vim/F.lua , size = 0.824 KB
[23:48:41.135][info] [#0:script/workspace/loading.lua:113]: ++++As library of:	file:///usr/share/nvim/runtime/lua
[23:48:41.135][info] [#0:script/workspace/loading.lua:98]: Skip loaded file: file:///usr/share/nvim/runtime/lua/vim/F.lua
[23:48:41.135][info] [#0:script/workspace/loading.lua:101]: Preload file at: file:///usr/share/nvim/runtime/lua/vim/treesitter.lua , size = 15.225 KB
[23:48:41.146][info] [#0:script/workspace/loading.lua:113]: ++++As library of:	file:///usr/share/nvim/runtime/lua
[23:48:41.146][info] [#0:script/workspace/loading.lua:89]: Skip loaded file: file:///usr/share/nvim/runtime/lua/vim/treesitter.lua
[23:48:41.146][info] [#0:script/workspace/loading.lua:113]: ++++As library of:	file:///usr/share/nvim/runtime/lua
[23:48:41.148][info] [#0:script/workspace/loading.lua:101]: Preload file at: file:///usr/share/nvim/runtime/lua/vim/loader.lua , size = 16.182 KB
[23:48:41.161][info] [#0:script/workspace/loading.lua:113]: ++++As library of:	file:///usr/share/nvim/runtime/lua
[23:48:41.162][info] [#0:script/workspace/loading.lua:98]: Skip loaded file: file:///usr/share/nvim/runtime/lua/vim/loader.lua
[23:48:41.162][info] [#0:script/workspace/loading.lua:101]: Preload file at: file:///usr/share/nvim/runtime/lua/vim/inspect.lua , size = 8.864 KB
[23:48:41.169][info] [#0:script/workspace/loading.lua:113]: ++++As library of:	file:///usr/share/nvim/runtime/lua
[23:48:41.169][info] [#0:script/workspace/loading.lua:98]: Skip loaded file: file:///usr/share/nvim/runtime/lua/vim/inspect.lua
[23:48:41.169][info] [#0:script/workspace/loading.lua:101]: Preload file at: file:///usr/share/nvim/runtime/lua/vim/_init_packages.lua , size = 2.773 KB
[23:48:41.172][info] [#0:script/workspace/loading.lua:113]: ++++As library of:	file:///usr/share/nvim/runtime/lua
[23:48:41.172][info] [#0:script/workspace/loading.lua:98]: Skip loaded file: file:///usr/share/nvim/runtime/lua/vim/_init_packages.lua
[23:48:41.172][info] [#0:script/workspace/loading.lua:101]: Preload file at: file:///usr/share/nvim/runtime/lua/vim/filetype.lua , size = 74.400 KB
[23:48:41.251][info] [#0:script/workspace/loading.lua:113]: ++++As library of:	file:///usr/share/nvim/runtime/lua
[23:48:41.251][info] [#0:script/workspace/loading.lua:98]: Skip loaded file: file:///usr/share/nvim/runtime/lua/vim/filetype.lua
[23:48:41.252][info] [#0:script/workspace/loading.lua:101]: Preload file at: file:///usr/share/nvim/runtime/lua/nvim/health.lua , size = 12.706 KB
[23:48:41.260][info] [#0:script/workspace/loading.lua:113]: ++++As library of:	file:///usr/share/nvim/runtime/lua
[23:48:41.260][info] [#0:script/workspace/loading.lua:98]: Skip loaded file: file:///usr/share/nvim/runtime/lua/nvim/health.lua
[23:48:41.260][info] [#0:script/workspace/loading.lua:101]: Preload file at: file:///home/cio/.local/share/nvim/mason/packages/lua-language-server/libexec/meta/Lua%205.4%20en-us%20utf8/debug.lua , size = 7.637 KB
[23:48:41.267][info] [#0:script/workspace/loading.lua:113]: ++++As library of:	file:///home/cio/.local/share/nvim/mason/packages/lua-language-server/libexec/meta/Lua%205.4%20en-us%20utf8/debug.lua
[23:48:41.267][info] [#0:script/workspace/loading.lua:89]: Skip loaded file: file:///home/cio/.local/share/nvim/mason/packages/lua-language-server/libexec/meta/Lua%205.4%20en-us%20utf8/debug.lua
[23:48:41.267][info] [#0:script/workspace/loading.lua:113]: ++++As library of:	file:///home/cio/.local/share/nvim/mason/packages/lua-language-server/libexec/meta/Lua%205.4%20en-us%20utf8/debug.lua
[23:48:41.267][info] [#0:script/workspace/loading.lua:89]: Skip loaded file: file:///usr/share/nvim/runtime/lua/vim/lsp/tagfunc.lua
[23:48:41.267][info] [#0:script/workspace/loading.lua:113]: ++++As library of:	file:///usr/share/nvim/runtime/lua/vim/lsp
[23:48:41.267][info] [#0:script/workspace/loading.lua:89]: Skip loaded file: file:///usr/share/nvim/runtime/lua/vim/lsp/tagfunc.lua
[23:48:41.267][info] [#0:script/workspace/loading.lua:113]: ++++As library of:	file:///usr/share/nvim/runtime/lua/vim/lsp
[23:48:41.267][info] [#0:script/workspace/loading.lua:101]: Preload file at: file:///home/cio/.local/share/nvim/mason/packages/lua-language-server/libexec/meta/Lua%205.4%20en-us%20utf8/utf8.lua , size = 2.386 KB
[23:48:41.269][info] [#0:script/workspace/loading.lua:113]: ++++As library of:	file:///home/cio/.local/share/nvim/mason/packages/lua-language-server/libexec/meta/Lua%205.4%20en-us%20utf8/utf8.lua
[23:48:41.269][info] [#0:script/workspace/loading.lua:98]: Skip loaded file: file:///home/cio/.local/share/nvim/mason/packages/lua-language-server/libexec/meta/Lua%205.4%20en-us%20utf8/utf8.lua
[23:48:41.269][info] [#0:script/workspace/loading.lua:89]: Skip loaded file: file:///usr/share/nvim/runtime/lua/vim/lsp/types.lua
[23:48:41.269][info] [#0:script/workspace/loading.lua:113]: ++++As library of:	file:///usr/share/nvim/runtime/lua/vim/lsp
[23:48:41.269][info] [#0:script/workspace/loading.lua:89]: Skip loaded file: file:///usr/share/nvim/runtime/lua/vim/lsp/types.lua
[23:48:41.269][info] [#0:script/workspace/loading.lua:113]: ++++As library of:	file:///usr/share/nvim/runtime/lua/vim/lsp
[23:48:41.269][info] [#0:script/workspace/loading.lua:89]: Skip loaded file: file:///usr/share/nvim/runtime/lua/vim/lsp/sync.lua
[23:48:41.269][info] [#0:script/workspace/loading.lua:113]: ++++As library of:	file:///usr/share/nvim/runtime/lua/vim/lsp
[23:48:41.269][info] [#0:script/workspace/loading.lua:89]: Skip loaded file: file:///usr/share/nvim/runtime/lua/vim/lsp/sync.lua
[23:48:41.269][info] [#0:script/workspace/loading.lua:113]: ++++As library of:	file:///usr/share/nvim/runtime/lua/vim/lsp
[23:48:41.269][info] [#0:script/workspace/loading.lua:89]: Skip loaded file: file:///usr/share/nvim/runtime/lua/vim/lsp/buf.lua
[23:48:41.269][info] [#0:script/workspace/loading.lua:113]: ++++As library of:	file:///usr/share/nvim/runtime/lua/vim/lsp
[23:48:41.269][info] [#0:script/workspace/loading.lua:89]: Skip loaded file: file:///usr/share/nvim/runtime/lua/vim/lsp/buf.lua
[23:48:41.269][info] [#0:script/workspace/loading.lua:113]: ++++As library of:	file:///usr/share/nvim/runtime/lua/vim/lsp
[23:48:41.269][info] [#0:script/workspace/loading.lua:89]: Skip loaded file: file:///usr/share/nvim/runtime/lua/vim/lsp/health.lua
[23:48:41.269][info] [#0:script/workspace/loading.lua:113]: ++++As library of:	file:///usr/share/nvim/runtime/lua/vim/lsp
[23:48:41.269][info] [#0:script/workspace/loading.lua:89]: Skip loaded file: file:///usr/share/nvim/runtime/lua/vim/lsp/health.lua
[23:48:41.269][info] [#0:script/workspace/loading.lua:113]: ++++As library of:	file:///usr/share/nvim/runtime/lua/vim/lsp
[23:48:41.270][info] [#0:script/workspace/loading.lua:89]: Skip loaded file: file:///usr/share/nvim/runtime/lua/vim/lsp/handlers.lua
[23:48:41.270][info] [#0:script/workspace/loading.lua:113]: ++++As library of:	file:///usr/share/nvim/runtime/lua/vim/lsp
[23:48:41.270][info] [#0:script/workspace/loading.lua:89]: Skip loaded file: file:///usr/share/nvim/runtime/lua/vim/lsp/handlers.lua
[23:48:41.270][info] [#0:script/workspace/loading.lua:113]: ++++As library of:	file:///usr/share/nvim/runtime/lua/vim/lsp
[23:48:41.270][info] [#0:script/workspace/loading.lua:89]: Skip loaded file: file:///usr/share/nvim/runtime/lua/vim/lsp/codelens.lua
[23:48:41.270][info] [#0:script/workspace/loading.lua:113]: ++++As library of:	file:///usr/share/nvim/runtime/lua/vim/lsp
[23:48:41.270][info] [#0:script/workspace/loading.lua:89]: Skip loaded file: file:///usr/share/nvim/runtime/lua/vim/lsp/codelens.lua
[23:48:41.270][info] [#0:script/workspace/loading.lua:113]: ++++As library of:	file:///usr/share/nvim/runtime/lua/vim/lsp
[23:48:41.270][info] [#0:script/workspace/loading.lua:89]: Skip loaded file: file:///usr/share/nvim/runtime/lua/vim/lsp/rpc.lua
[23:48:41.270][info] [#0:script/workspace/loading.lua:113]: ++++As library of:	file:///usr/share/nvim/runtime/lua/vim/lsp
[23:48:41.270][info] [#0:script/workspace/loading.lua:89]: Skip loaded file: file:///usr/share/nvim/runtime/lua/vim/lsp/rpc.lua
[23:48:41.270][info] [#0:script/workspace/loading.lua:113]: ++++As library of:	file:///usr/share/nvim/runtime/lua/vim/lsp
[23:48:41.270][info] [#0:script/workspace/loading.lua:89]: Skip loaded file: file:///usr/share/nvim/runtime/lua/vim/lsp/util.lua
[23:48:41.270][info] [#0:script/workspace/loading.lua:113]: ++++As library of:	file:///usr/share/nvim/runtime/lua/vim/lsp
[23:48:41.270][info] [#0:script/workspace/loading.lua:89]: Skip loaded file: file:///usr/share/nvim/runtime/lua/vim/lsp/util.lua
[23:48:41.270][info] [#0:script/workspace/loading.lua:113]: ++++As library of:	file:///usr/share/nvim/runtime/lua/vim/lsp
[23:48:41.270][info] [#0:script/workspace/loading.lua:89]: Skip loaded file: file:///usr/share/nvim/runtime/lua/vim/lsp/diagnostic.lua
[23:48:41.270][info] [#0:script/workspace/loading.lua:113]: ++++As library of:	file:///usr/share/nvim/runtime/lua/vim/lsp
[23:48:41.270][info] [#0:script/workspace/loading.lua:89]: Skip loaded file: file:///usr/share/nvim/runtime/lua/vim/lsp/diagnostic.lua
[23:48:41.270][info] [#0:script/workspace/loading.lua:113]: ++++As library of:	file:///usr/share/nvim/runtime/lua/vim/lsp
[23:48:41.270][info] [#0:script/workspace/loading.lua:89]: Skip loaded file: file:///usr/share/nvim/runtime/lua/vim/lsp/_snippet.lua
[23:48:41.270][info] [#0:script/workspace/loading.lua:113]: ++++As library of:	file:///usr/share/nvim/runtime/lua/vim/lsp
[23:48:41.270][info] [#0:script/workspace/loading.lua:89]: Skip loaded file: file:///usr/share/nvim/runtime/lua/vim/lsp/_snippet.lua
[23:48:41.270][info] [#0:script/workspace/loading.lua:113]: ++++As library of:	file:///usr/share/nvim/runtime/lua/vim/lsp
[23:48:41.270][info] [#0:script/workspace/loading.lua:89]: Skip loaded file: file:///usr/share/nvim/runtime/lua/vim/lsp/log.lua
[23:48:41.270][info] [#0:script/workspace/loading.lua:113]: ++++As library of:	file:///usr/share/nvim/runtime/lua/vim/lsp
[23:48:41.270][info] [#0:script/workspace/loading.lua:89]: Skip loaded file: file:///usr/share/nvim/runtime/lua/vim/lsp/log.lua
[23:48:41.270][info] [#0:script/workspace/loading.lua:113]: ++++As library of:	file:///usr/share/nvim/runtime/lua/vim/lsp
[23:48:41.270][info] [#0:script/workspace/loading.lua:89]: Skip loaded file: file:///usr/share/nvim/runtime/lua/vim/lsp/semantic_tokens.lua
[23:48:41.270][info] [#0:script/workspace/loading.lua:113]: ++++As library of:	file:///usr/share/nvim/runtime/lua/vim/lsp
[23:48:41.270][info] [#0:script/workspace/loading.lua:89]: Skip loaded file: file:///usr/share/nvim/runtime/lua/vim/lsp/semantic_tokens.lua
[23:48:41.270][info] [#0:script/workspace/loading.lua:113]: ++++As library of:	file:///usr/share/nvim/runtime/lua/vim/lsp
[23:48:41.270][info] [#0:script/workspace/loading.lua:89]: Skip loaded file: file:///usr/share/nvim/runtime/lua/vim/lsp/protocol.lua
[23:48:41.270][info] [#0:script/workspace/loading.lua:113]: ++++As library of:	file:///usr/share/nvim/runtime/lua/vim/lsp
[23:48:41.270][info] [#0:script/workspace/loading.lua:89]: Skip loaded file: file:///usr/share/nvim/runtime/lua/vim/lsp/protocol.lua
[23:48:41.270][info] [#0:script/workspace/loading.lua:113]: ++++As library of:	file:///usr/share/nvim/runtime/lua/vim/lsp
[23:48:41.270][info] [#0:script/workspace/loading.lua:89]: Skip loaded file: file:///usr/share/nvim/runtime/lua/vim/lsp/_watchfiles.lua
[23:48:41.270][info] [#0:script/workspace/loading.lua:113]: ++++As library of:	file:///usr/share/nvim/runtime/lua/vim/lsp
[23:48:41.270][info] [#0:script/workspace/loading.lua:89]: Skip loaded file: file:///usr/share/nvim/runtime/lua/vim/lsp/_watchfiles.lua
[23:48:41.270][info] [#0:script/workspace/loading.lua:113]: ++++As library of:	file:///usr/share/nvim/runtime/lua/vim/lsp
[23:48:41.270][info] [#0:script/workspace/loading.lua:101]: Preload file at: file:///home/cio/.local/share/nvim/mason/packages/lua-language-server/libexec/meta/Lua%205.4%20en-us%20utf8/package.lua , size = 2.944 KB
[23:48:41.273][info] [#0:script/workspace/loading.lua:113]: ++++As library of:	file:///home/cio/.local/share/nvim/mason/packages/lua-language-server/libexec/meta/Lua%205.4%20en-us%20utf8/package.lua
[23:48:41.273][info] [#0:script/workspace/loading.lua:98]: Skip loaded file: file:///home/cio/.local/share/nvim/mason/packages/lua-language-server/libexec/meta/Lua%205.4%20en-us%20utf8/package.lua
[23:48:41.273][info] [#0:script/workspace/loading.lua:101]: Preload file at: file:///home/cio/.local/share/nvim/lazy/lazy.nvim/lua/lazy/status.lua , size = 0.353 KB
[23:48:41.275][info] [#0:script/workspace/loading.lua:113]: ++++As library of:	file:///home/cio/.local/share/nvim/lazy/lazy.nvim/lua/lazy
[23:48:41.275][info] [#0:script/workspace/loading.lua:98]: Skip loaded file: file:///home/cio/.local/share/nvim/lazy/lazy.nvim/lua/lazy/status.lua
[23:48:41.275][info] [#0:script/workspace/loading.lua:101]: Preload file at: file:///home/cio/.local/share/nvim/lazy/lazy.nvim/lua/lazy/util.lua , size = 5.646 KB
[23:48:41.284][info] [#0:script/workspace/loading.lua:113]: ++++As library of:	file:///home/cio/.local/share/nvim/lazy/lazy.nvim/lua/lazy
[23:48:41.284][info] [#0:script/workspace/loading.lua:98]: Skip loaded file: file:///home/cio/.local/share/nvim/lazy/lazy.nvim/lua/lazy/util.lua
[23:48:41.284][info] [#0:script/workspace/loading.lua:101]: Preload file at: file:///home/cio/.local/share/nvim/lazy/lazy.nvim/lua/lazy/health.lua , size = 3.315 KB
[23:48:41.287][info] [#0:script/workspace/loading.lua:113]: ++++As library of:	file:///home/cio/.local/share/nvim/lazy/lazy.nvim/lua/lazy
[23:48:41.287][info] [#0:script/workspace/loading.lua:89]: Skip loaded file: file:///home/cio/.local/share/nvim/lazy/lazy.nvim/lua/lazy/health.lua
[23:48:41.287][info] [#0:script/workspace/loading.lua:113]: ++++As library of:	file:///home/cio/.local/share/nvim/lazy/lazy.nvim/lua/lazy
[23:48:41.288][info] [#0:script/workspace/loading.lua:101]: Preload file at: file:///home/cio/.local/share/nvim/lazy/lazy.nvim/lua/lazy/example.lua , size = 2.643 KB
[23:48:41.289][info] [#0:script/workspace/loading.lua:113]: ++++As library of:	file:///home/cio/.local/share/nvim/lazy/lazy.nvim/lua/lazy
[23:48:41.289][info] [#0:script/workspace/loading.lua:98]: Skip loaded file: file:///home/cio/.local/share/nvim/lazy/lazy.nvim/lua/lazy/example.lua
[23:48:41.289][info] [#0:script/workspace/loading.lua:101]: Preload file at: file:///home/cio/.local/share/nvim/lazy/lazy.nvim/lua/lazy/state.lua , size = 0.859 KB
[23:48:41.290][info] [#0:script/workspace/loading.lua:113]: ++++As library of:	file:///home/cio/.local/share/nvim/lazy/lazy.nvim/lua/lazy
[23:48:41.290][info] [#0:script/workspace/loading.lua:98]: Skip loaded file: file:///home/cio/.local/share/nvim/lazy/lazy.nvim/lua/lazy/state.lua
[23:48:41.291][info] [#0:script/workspace/loading.lua:101]: Preload file at: file:///home/cio/.local/share/nvim/lazy/lazy.nvim/lua/lazy/stats.lua , size = 2.068 KB
[23:48:41.293][info] [#0:script/workspace/loading.lua:113]: ++++As library of:	file:///home/cio/.local/share/nvim/lazy/lazy.nvim/lua/lazy
[23:48:41.293][info] [#0:script/workspace/loading.lua:98]: Skip loaded file: file:///home/cio/.local/share/nvim/lazy/lazy.nvim/lua/lazy/stats.lua
[23:48:41.293][info] [#0:script/workspace/loading.lua:101]: Preload file at: file:///home/cio/.local/share/nvim/lazy/lazy.nvim/lua/lazy/docs.lua , size = 4.453 KB
[23:48:41.297][info] [#0:script/workspace/loading.lua:113]: ++++As library of:	file:///home/cio/.local/share/nvim/lazy/lazy.nvim/lua/lazy
[23:48:41.297][info] [#0:script/workspace/loading.lua:98]: Skip loaded file: file:///home/cio/.local/share/nvim/lazy/lazy.nvim/lua/lazy/docs.lua
[23:48:41.298][info] [#0:script/workspace/loading.lua:101]: Preload file at: file:///home/cio/.local/share/nvim/lazy/lazy.nvim/lua/lazy/init.lua , size = 3.058 KB
[23:48:41.300][info] [#0:script/workspace/loading.lua:113]: ++++As library of:	file:///home/cio/.local/share/nvim/lazy/lazy.nvim/lua/lazy
[23:48:41.300][info] [#0:script/workspace/loading.lua:98]: Skip loaded file: file:///home/cio/.local/share/nvim/lazy/lazy.nvim/lua/lazy/init.lua
[23:48:41.300][info] [#0:script/workspace/loading.lua:101]: Preload file at: file:///home/cio/.local/share/nvim/lazy/lazy.nvim/lua/lazy/manage/task/plugin.lua , size = 2.294 KB
[23:48:41.303][info] [#0:script/workspace/loading.lua:113]: ++++As library of:	file:///home/cio/.local/share/nvim/lazy/lazy.nvim/lua/lazy
[23:48:41.303][info] [#0:script/workspace/loading.lua:98]: Skip loaded file: file:///home/cio/.local/share/nvim/lazy/lazy.nvim/lua/lazy/manage/task/plugin.lua
[23:48:41.303][info] [#0:script/workspace/loading.lua:101]: Preload file at: file:///home/cio/.local/share/nvim/lazy/lazy.nvim/lua/lazy/manage/task/init.lua , size = 3.822 KB
[23:48:41.308][info] [#0:script/workspace/loading.lua:113]: ++++As library of:	file:///home/cio/.local/share/nvim/lazy/lazy.nvim/lua/lazy
[23:48:41.308][info] [#0:script/workspace/loading.lua:98]: Skip loaded file: file:///home/cio/.local/share/nvim/lazy/lazy.nvim/lua/lazy/manage/task/init.lua
[23:48:41.308][info] [#0:script/workspace/loading.lua:101]: Preload file at: file:///home/cio/.local/share/nvim/lazy/lazy.nvim/lua/lazy/manage/task/git.lua , size = 6.532 KB
[23:48:41.315][info] [#0:script/workspace/loading.lua:113]: ++++As library of:	file:///home/cio/.local/share/nvim/lazy/lazy.nvim/lua/lazy
[23:48:41.315][info] [#0:script/workspace/loading.lua:98]: Skip loaded file: file:///home/cio/.local/share/nvim/lazy/lazy.nvim/lua/lazy/manage/task/git.lua
[23:48:41.315][info] [#0:script/workspace/loading.lua:101]: Preload file at: file:///home/cio/.local/share/nvim/lazy/lazy.nvim/lua/lazy/manage/task/fs.lua , size = 0.740 KB
[23:48:41.317][info] [#0:script/workspace/loading.lua:113]: ++++As library of:	file:///home/cio/.local/share/nvim/lazy/lazy.nvim/lua/lazy
[23:48:41.317][info] [#0:script/workspace/loading.lua:98]: Skip loaded file: file:///home/cio/.local/share/nvim/lazy/lazy.nvim/lua/lazy/manage/task/fs.lua
[23:48:41.317][info] [#0:script/workspace/loading.lua:101]: Preload file at: file:///home/cio/.local/share/nvim/lazy/lazy.nvim/lua/lazy/manage/lock.lua , size = 1.810 KB
[23:48:41.319][info] [#0:script/workspace/loading.lua:113]: ++++As library of:	file:///home/cio/.local/share/nvim/lazy/lazy.nvim/lua/lazy
[23:48:41.319][info] [#0:script/workspace/loading.lua:98]: Skip loaded file: file:///home/cio/.local/share/nvim/lazy/lazy.nvim/lua/lazy/manage/lock.lua
[23:48:41.319][info] [#0:script/workspace/loading.lua:101]: Preload file at: file:///home/cio/.local/share/nvim/lazy/lazy.nvim/lua/lazy/manage/checker.lua , size = 2.306 KB
[23:48:41.322][info] [#0:script/workspace/loading.lua:113]: ++++As library of:	file:///home/cio/.local/share/nvim/lazy/lazy.nvim/lua/lazy
[23:48:41.322][info] [#0:script/workspace/loading.lua:98]: Skip loaded file: file:///home/cio/.local/share/nvim/lazy/lazy.nvim/lua/lazy/manage/checker.lua
[23:48:41.322][info] [#0:script/workspace/loading.lua:101]: Preload file at: file:///home/cio/.local/share/nvim/lazy/lazy.nvim/lua/lazy/manage/reloader.lua , size = 2.487 KB
[23:48:41.325][info] [#0:script/workspace/loading.lua:113]: ++++As library of:	file:///home/cio/.local/share/nvim/lazy/lazy.nvim/lua/lazy
[23:48:41.325][info] [#0:script/workspace/loading.lua:98]: Skip loaded file: file:///home/cio/.local/share/nvim/lazy/lazy.nvim/lua/lazy/manage/reloader.lua
[23:48:41.325][info] [#0:script/workspace/loading.lua:101]: Preload file at: file:///home/cio/.local/share/nvim/lazy/lazy.nvim/lua/lazy/manage/init.lua , size = 5.445 KB
[23:48:41.331][info] [#0:script/workspace/loading.lua:113]: ++++As library of:	file:///home/cio/.local/share/nvim/lazy/lazy.nvim/lua/lazy
[23:48:41.331][info] [#0:script/workspace/loading.lua:98]: Skip loaded file: file:///home/cio/.local/share/nvim/lazy/lazy.nvim/lua/lazy/manage/init.lua
[23:48:41.331][info] [#0:script/workspace/loading.lua:101]: Preload file at: file:///home/cio/.local/share/nvim/lazy/lazy.nvim/lua/lazy/manage/git.lua , size = 6.040 KB
[23:48:41.338][info] [#0:script/workspace/loading.lua:113]: ++++As library of:	file:///home/cio/.local/share/nvim/lazy/lazy.nvim/lua/lazy
[23:48:41.338][info] [#0:script/workspace/loading.lua:98]: Skip loaded file: file:///home/cio/.local/share/nvim/lazy/lazy.nvim/lua/lazy/manage/git.lua
[23:48:41.338][info] [#0:script/workspace/loading.lua:101]: Preload file at: file:///home/cio/.local/share/nvim/lazy/lazy.nvim/lua/lazy/manage/process.lua , size = 3.842 KB
[23:48:41.342][info] [#0:script/workspace/loading.lua:113]: ++++As library of:	file:///home/cio/.local/share/nvim/lazy/lazy.nvim/lua/lazy
[23:48:41.343][info] [#0:script/workspace/loading.lua:98]: Skip loaded file: file:///home/cio/.local/share/nvim/lazy/lazy.nvim/lua/lazy/manage/process.lua
[23:48:41.343][info] [#0:script/workspace/loading.lua:101]: Preload file at: file:///home/cio/.local/share/nvim/lazy/lazy.nvim/lua/lazy/manage/semver.lua , size = 4.409 KB
[23:48:41.348][info] [#0:script/workspace/loading.lua:113]: ++++As library of:	file:///home/cio/.local/share/nvim/lazy/lazy.nvim/lua/lazy
[23:48:41.348][info] [#0:script/workspace/loading.lua:98]: Skip loaded file: file:///home/cio/.local/share/nvim/lazy/lazy.nvim/lua/lazy/manage/semver.lua
[23:48:41.349][info] [#0:script/workspace/loading.lua:101]: Preload file at: file:///home/cio/.local/share/nvim/lazy/lazy.nvim/lua/lazy/manage/runner.lua , size = 3.957 KB
[23:48:41.353][info] [#0:script/workspace/loading.lua:113]: ++++As library of:	file:///home/cio/.local/share/nvim/lazy/lazy.nvim/lua/lazy
[23:48:41.353][info] [#0:script/workspace/loading.lua:101]: Preload file at: file:///home/cio/.local/share/nvim/lazy/lazy.nvim/lua/lazy/view/float.lua , size = 6.936 KB
[23:48:41.364][info] [#0:script/workspace/loading.lua:113]: ++++As library of:	file:///home/cio/.local/share/nvim/lazy/lazy.nvim/lua/lazy
[23:48:41.364][info] [#0:script/workspace/loading.lua:98]: Skip loaded file: file:///home/cio/.local/share/nvim/lazy/lazy.nvim/lua/lazy/view/float.lua
[23:48:41.364][info] [#0:script/workspace/loading.lua:98]: Skip loaded file: file:///home/cio/.local/share/nvim/lazy/lazy.nvim/lua/lazy/manage/runner.lua
[23:48:41.364][info] [#0:script/workspace/loading.lua:101]: Preload file at: file:///home/cio/.local/share/nvim/lazy/lazy.nvim/lua/lazy/view/render.lua , size = 20.803 KB
[23:48:41.388][info] [#0:script/workspace/loading.lua:113]: ++++As library of:	file:///home/cio/.local/share/nvim/lazy/lazy.nvim/lua/lazy
[23:48:41.389][info] [#0:script/workspace/loading.lua:98]: Skip loaded file: file:///home/cio/.local/share/nvim/lazy/lazy.nvim/lua/lazy/view/render.lua
[23:48:41.389][info] [#0:script/workspace/loading.lua:101]: Preload file at: file:///home/cio/.local/share/nvim/lazy/lazy.nvim/lua/lazy/view/diff.lua , size = 1.585 KB
[23:48:41.391][info] [#0:script/workspace/loading.lua:113]: ++++As library of:	file:///home/cio/.local/share/nvim/lazy/lazy.nvim/lua/lazy
[23:48:41.391][info] [#0:script/workspace/loading.lua:98]: Skip loaded file: file:///home/cio/.local/share/nvim/lazy/lazy.nvim/lua/lazy/view/diff.lua
[23:48:41.391][info] [#0:script/workspace/loading.lua:101]: Preload file at: file:///home/cio/.local/share/nvim/lazy/lazy.nvim/lua/lazy/view/config.lua , size = 3.462 KB
[23:48:41.394][info] [#0:script/workspace/loading.lua:113]: ++++As library of:	file:///home/cio/.local/share/nvim/lazy/lazy.nvim/lua/lazy
[23:48:41.394][info] [#0:script/workspace/loading.lua:89]: Skip loaded file: file:///home/cio/.local/share/nvim/lazy/lazy.nvim/lua/lazy/view/config.lua
[23:48:41.394][info] [#0:script/workspace/loading.lua:113]: ++++As library of:	file:///home/cio/.local/share/nvim/lazy/lazy.nvim/lua/lazy
[23:48:41.394][info] [#0:script/workspace/loading.lua:101]: Preload file at: file:///home/cio/.local/share/nvim/lazy/lazy.nvim/lua/lazy/view/colors.lua , size = 1.495 KB
[23:48:41.395][info] [#0:script/workspace/loading.lua:113]: ++++As library of:	file:///home/cio/.local/share/nvim/lazy/lazy.nvim/lua/lazy
[23:48:41.395][info] [#0:script/workspace/loading.lua:98]: Skip loaded file: file:///home/cio/.local/share/nvim/lazy/lazy.nvim/lua/lazy/view/colors.lua
[23:48:41.396][info] [#0:script/workspace/loading.lua:101]: Preload file at: file:///home/cio/.local/share/nvim/lazy/lazy.nvim/lua/lazy/view/init.lua , size = 7.404 KB
[23:48:41.405][info] [#0:script/workspace/loading.lua:113]: ++++As library of:	file:///home/cio/.local/share/nvim/lazy/lazy.nvim/lua/lazy
[23:48:41.405][info] [#0:script/workspace/loading.lua:101]: Preload file at: file:///home/cio/.local/share/nvim/lazy/lazy.nvim/lua/lazy/view/sections.lua , size = 2.250 KB
[23:48:41.408][info] [#0:script/workspace/loading.lua:113]: ++++As library of:	file:///home/cio/.local/share/nvim/lazy/lazy.nvim/lua/lazy
[23:48:41.408][info] [#0:script/workspace/loading.lua:98]: Skip loaded file: file:///home/cio/.local/share/nvim/lazy/lazy.nvim/lua/lazy/view/init.lua
[23:48:41.408][info] [#0:script/workspace/loading.lua:98]: Skip loaded file: file:///home/cio/.local/share/nvim/lazy/lazy.nvim/lua/lazy/view/sections.lua
[23:48:41.408][info] [#0:script/workspace/loading.lua:101]: Preload file at: file:///home/cio/.local/share/nvim/lazy/lazy.nvim/lua/lazy/view/commands.lua , size = 3.332 KB
[23:48:41.413][info] [#0:script/workspace/loading.lua:113]: ++++As library of:	file:///home/cio/.local/share/nvim/lazy/lazy.nvim/lua/lazy
[23:48:41.413][info] [#0:script/workspace/loading.lua:98]: Skip loaded file: file:///home/cio/.local/share/nvim/lazy/lazy.nvim/lua/lazy/view/commands.lua
[23:48:41.413][info] [#0:script/workspace/loading.lua:101]: Preload file at: file:///home/cio/.local/share/nvim/lazy/lazy.nvim/lua/lazy/view/text.lua , size = 3.820 KB
[23:48:41.418][info] [#0:script/workspace/loading.lua:113]: ++++As library of:	file:///home/cio/.local/share/nvim/lazy/lazy.nvim/lua/lazy
[23:48:41.418][info] [#0:script/workspace/loading.lua:89]: Skip loaded file: file:///home/cio/.local/share/nvim/lazy/lazy.nvim/lua/lazy/view/text.lua
[23:48:41.418][info] [#0:script/workspace/loading.lua:113]: ++++As library of:	file:///home/cio/.local/share/nvim/lazy/lazy.nvim/lua/lazy
[23:48:41.418][info] [#0:script/workspace/loading.lua:101]: Preload file at: file:///home/cio/.local/share/nvim/lazy/lazy.nvim/lua/lazy/help.lua , size = 2.216 KB
[23:48:41.422][info] [#0:script/workspace/loading.lua:113]: ++++As library of:	file:///home/cio/.local/share/nvim/lazy/lazy.nvim/lua/lazy
[23:48:41.423][info] [#0:script/workspace/loading.lua:101]: Preload file at: file:///home/cio/.local/share/nvim/lazy/lazy.nvim/lua/lazy/core/loader.lua , size = 13.265 KB
[23:48:41.435][info] [#0:script/workspace/loading.lua:113]: ++++As library of:	file:///home/cio/.local/share/nvim/lazy/lazy.nvim/lua/lazy
[23:48:41.435][info] [#0:script/workspace/loading.lua:98]: Skip loaded file: file:///home/cio/.local/share/nvim/lazy/lazy.nvim/lua/lazy/core/loader.lua
[23:48:41.435][info] [#0:script/workspace/loading.lua:98]: Skip loaded file: file:///home/cio/.local/share/nvim/lazy/lazy.nvim/lua/lazy/help.lua
[23:48:41.435][info] [#0:script/workspace/loading.lua:101]: Preload file at: file:///home/cio/.local/share/nvim/lazy/lazy.nvim/lua/lazy/core/util.lua , size = 9.879 KB
[23:48:41.446][info] [#0:script/workspace/loading.lua:113]: ++++As library of:	file:///home/cio/.local/share/nvim/lazy/lazy.nvim/lua/lazy
[23:48:41.446][info] [#0:script/workspace/loading.lua:98]: Skip loaded file: file:///home/cio/.local/share/nvim/lazy/lazy.nvim/lua/lazy/core/util.lua
[23:48:41.446][info] [#0:script/workspace/loading.lua:101]: Preload file at: file:///home/cio/.local/share/nvim/lazy/lazy.nvim/lua/lazy/core/config.lua , size = 8.253 KB
[23:48:41.452][info] [#0:script/workspace/loading.lua:113]: ++++As library of:	file:///home/cio/.local/share/nvim/lazy/lazy.nvim/lua/lazy
[23:48:41.452][info] [#0:script/workspace/loading.lua:98]: Skip loaded file: file:///home/cio/.local/share/nvim/lazy/lazy.nvim/lua/lazy/core/config.lua
[23:48:41.453][info] [#0:script/workspace/loading.lua:101]: Preload file at: file:///home/cio/.local/share/nvim/lazy/lazy.nvim/lua/lazy/core/plugin.lua , size = 14.504 KB
[23:48:41.467][info] [#0:script/workspace/loading.lua:113]: ++++As library of:	file:///home/cio/.local/share/nvim/lazy/lazy.nvim/lua/lazy
[23:48:41.467][info] [#0:script/workspace/loading.lua:98]: Skip loaded file: file:///home/cio/.local/share/nvim/lazy/lazy.nvim/lua/lazy/core/plugin.lua
[23:48:41.467][info] [#0:script/workspace/loading.lua:101]: Preload file at: file:///home/cio/.local/share/nvim/lazy/lazy.nvim/lua/lazy/core/cache.lua , size = 16.600 KB
[23:48:41.483][info] [#0:script/workspace/loading.lua:113]: ++++As library of:	file:///home/cio/.local/share/nvim/lazy/lazy.nvim/lua/lazy
[23:48:41.483][info] [#0:script/workspace/loading.lua:98]: Skip loaded file: file:///home/cio/.local/share/nvim/lazy/lazy.nvim/lua/lazy/core/cache.lua
[23:48:41.483][info] [#0:script/workspace/loading.lua:101]: Preload file at: file:///home/cio/.local/share/nvim/lazy/lazy.nvim/lua/lazy/core/handler/ft.lua , size = 0.984 KB
[23:48:41.485][info] [#0:script/workspace/loading.lua:113]: ++++As library of:	file:///home/cio/.local/share/nvim/lazy/lazy.nvim/lua/lazy
[23:48:41.485][info] [#0:script/workspace/loading.lua:98]: Skip loaded file: file:///home/cio/.local/share/nvim/lazy/lazy.nvim/lua/lazy/core/handler/ft.lua
[23:48:41.485][info] [#0:script/workspace/loading.lua:101]: Preload file at: file:///home/cio/.local/share/nvim/lazy/lazy.nvim/lua/lazy/core/handler/event.lua , size = 2.642 KB
[23:48:41.488][info] [#0:script/workspace/loading.lua:113]: ++++As library of:	file:///home/cio/.local/share/nvim/lazy/lazy.nvim/lua/lazy
[23:48:41.488][info] [#0:script/workspace/loading.lua:89]: Skip loaded file: file:///home/cio/.local/share/nvim/lazy/lazy.nvim/lua/lazy/core/handler/event.lua
[23:48:41.488][info] [#0:script/workspace/loading.lua:113]: ++++As library of:	file:///home/cio/.local/share/nvim/lazy/lazy.nvim/lua/lazy
[23:48:41.488][info] [#0:script/workspace/loading.lua:101]: Preload file at: file:///home/cio/.local/share/nvim/lazy/lazy.nvim/lua/lazy/core/handler/init.lua , size = 2.373 KB
[23:48:41.492][info] [#0:script/workspace/loading.lua:113]: ++++As library of:	file:///home/cio/.local/share/nvim/lazy/lazy.nvim/lua/lazy
[23:48:41.492][info] [#0:script/workspace/loading.lua:98]: Skip loaded file: file:///home/cio/.local/share/nvim/lazy/lazy.nvim/lua/lazy/core/handler/init.lua
[23:48:41.492][info] [#0:script/workspace/loading.lua:101]: Preload file at: file:///home/cio/.local/share/nvim/lazy/lazy.nvim/lua/lazy/core/handler/cmd.lua , size = 1.546 KB
[23:48:41.494][info] [#0:script/workspace/loading.lua:113]: ++++As library of:	file:///home/cio/.local/share/nvim/lazy/lazy.nvim/lua/lazy
[23:48:41.494][info] [#0:script/workspace/loading.lua:89]: Skip loaded file: file:///home/cio/.local/share/nvim/lazy/lazy.nvim/lua/lazy/core/handler/cmd.lua
[23:48:41.494][info] [#0:script/workspace/loading.lua:113]: ++++As library of:	file:///home/cio/.local/share/nvim/lazy/lazy.nvim/lua/lazy
[23:48:41.494][info] [#0:script/workspace/loading.lua:101]: Preload file at: file:///home/cio/.local/share/nvim/lazy/lazy.nvim/lua/lazy/core/handler/keys.lua , size = 2.360 KB
[23:48:41.498][info] [#0:script/workspace/loading.lua:113]: ++++As library of:	file:///home/cio/.local/share/nvim/lazy/lazy.nvim/lua/lazy
[23:48:41.498][info] [#0:script/workspace/loading.lua:101]: Preload file at: file:///home/cio/.local/share/nvim/lazy/lazy.nvim/lua/lazy/types.lua , size = 2.743 KB
[23:48:41.502][info] [#0:script/workspace/loading.lua:113]: ++++As library of:	file:///home/cio/.local/share/nvim/lazy/lazy.nvim/lua/lazy
[23:48:41.502][info] [#0:script/workspace/loading.lua:98]: Skip loaded file: file:///home/cio/.local/share/nvim/lazy/lazy.nvim/lua/lazy/core/handler/keys.lua
[23:48:41.502][info] [#0:script/workspace/loading.lua:98]: Skip loaded file: file:///home/cio/.local/share/nvim/lazy/lazy.nvim/lua/lazy/types.lua
[23:48:41.502][info] [#0:script/workspace/loading.lua:101]: Preload file at: file:///home/cio/.local/share/nvim/mason/packages/lua-language-server/libexec/meta/Lua%205.4%20en-us%20utf8/coroutine.lua , size = 2.590 KB
[23:48:41.504][info] [#0:script/workspace/loading.lua:113]: ++++As library of:	file:///home/cio/.local/share/nvim/mason/packages/lua-language-server/libexec/meta/Lua%205.4%20en-us%20utf8/coroutine.lua
[23:48:41.504][info] [#0:script/workspace/loading.lua:98]: Skip loaded file: file:///home/cio/.local/share/nvim/mason/packages/lua-language-server/libexec/meta/Lua%205.4%20en-us%20utf8/coroutine.lua
[23:48:41.504][info] [#0:script/workspace/loading.lua:101]: Preload file at: file:///home/cio/.local/share/nvim/mason/packages/lua-language-server/libexec/meta/Lua%205.4%20en-us%20utf8/os.lua , size = 5.600 KB
[23:48:41.509][info] [#0:script/workspace/loading.lua:113]: ++++As library of:	file:///home/cio/.local/share/nvim/mason/packages/lua-language-server/libexec/meta/Lua%205.4%20en-us%20utf8/os.lua
[23:48:41.509][info] [#0:script/workspace/loading.lua:98]: Skip loaded file: file:///home/cio/.local/share/nvim/mason/packages/lua-language-server/libexec/meta/Lua%205.4%20en-us%20utf8/os.lua
[23:48:41.509][info] [#0:script/workspace/loading.lua:101]: Preload file at: file:///home/cio/.local/share/nvim/mason/packages/lua-language-server/libexec/meta/Lua%205.4%20en-us%20utf8/builtin.lua , size = 0.302 KB
[23:48:41.510][info] [#0:script/workspace/loading.lua:113]: ++++As library of:	file:///home/cio/.local/share/nvim/mason/packages/lua-language-server/libexec/meta/Lua%205.4%20en-us%20utf8/builtin.lua
[23:48:41.510][info] [#0:script/workspace/loading.lua:98]: Skip loaded file: file:///home/cio/.local/share/nvim/mason/packages/lua-language-server/libexec/meta/Lua%205.4%20en-us%20utf8/builtin.lua
[23:48:41.510][info] [#0:script/workspace/loading.lua:101]: Preload file at: file:///home/cio/.local/share/nvim/lazy/ui/nvchad_types/keymaps.lua , size = 1.461 KB
[23:48:41.512][info] [#0:script/workspace/loading.lua:113]: ++++As library of:	file:///home/cio/.local/share/nvim/lazy/ui/nvchad_types
[23:48:41.512][info] [#0:script/workspace/loading.lua:98]: Skip loaded file: file:///home/cio/.local/share/nvim/lazy/ui/nvchad_types/keymaps.lua
[23:48:41.512][info] [#0:script/workspace/loading.lua:101]: Preload file at: file:///home/cio/.local/share/nvim/lazy/ui/nvchad_types/themes.lua , size = 4.774 KB
[23:48:41.565][info] [#0:script/workspace/loading.lua:113]: ++++As library of:	file:///home/cio/.local/share/nvim/lazy/ui/nvchad_types
[23:48:41.565][info] [#0:script/workspace/loading.lua:98]: Skip loaded file: file:///home/cio/.local/share/nvim/lazy/ui/nvchad_types/themes.lua
[23:48:41.565][info] [#0:script/workspace/loading.lua:101]: Preload file at: file:///home/cio/.local/share/nvim/lazy/ui/nvchad_types/base46.lua , size = 6.033 KB
[23:48:41.571][info] [#0:script/workspace/loading.lua:113]: ++++As library of:	file:///home/cio/.local/share/nvim/lazy/ui/nvchad_types
[23:48:41.571][info] [#0:script/workspace/loading.lua:101]: Preload file at: file:///home/cio/.local/share/nvim/lazy/ui/nvchad_types/chadrc.lua , size = 8.765 KB
[23:48:41.577][info] [#0:script/workspace/loading.lua:113]: ++++As library of:	file:///home/cio/.local/share/nvim/lazy/ui/nvchad_types
[23:48:41.577][info] [#0:script/workspace/loading.lua:98]: Skip loaded file: file:///home/cio/.local/share/nvim/lazy/ui/nvchad_types/base46.lua
[23:48:41.577][info] [#0:script/workspace/loading.lua:98]: Skip loaded file: file:///home/cio/.local/share/nvim/lazy/ui/nvchad_types/chadrc.lua
[23:48:41.577][info] [#0:script/workspace/loading.lua:101]: Preload file at: file:///home/cio/.local/share/nvim/lazy/ui/nvchad_types/plugins.lua , size = 5.681 KB
[23:48:41.582][info] [#0:script/workspace/loading.lua:113]: ++++As library of:	file:///home/cio/.local/share/nvim/lazy/ui/nvchad_types
[23:48:41.582][info] [#0:script/workspace/loading.lua:98]: Skip loaded file: file:///home/cio/.local/share/nvim/lazy/ui/nvchad_types/plugins.lua
[23:48:41.582][info] [#0:script/workspace/loading.lua:101]: Preload file at: file:///home/cio/.local/share/nvim/lazy/ui/nvchad_types/all_hl_groups.lua , size = 40.431 KB
[23:48:41.605][info] [#0:script/workspace/loading.lua:113]: ++++As library of:	file:///home/cio/.local/share/nvim/lazy/ui/nvchad_types
[23:48:41.605][info] [#0:script/workspace/loading.lua:89]: Skip loaded file: file:///home/cio/.local/share/nvim/lazy/ui/nvchad_types/all_hl_groups.lua
[23:48:41.606][info] [#0:script/workspace/loading.lua:113]: ++++As library of:	file:///home/cio/.local/share/nvim/lazy/ui/nvchad_types
[23:48:41.613][info] [#0:script/workspace/loading.lua:101]: Preload file at: file:///home/cio/.local/share/nvim/mason/packages/lua-language-server/libexec/meta/Lua%205.4%20en-us%20utf8/table.lua , size = 4.230 KB
[23:48:41.617][info] [#0:script/workspace/loading.lua:113]: ++++As library of:	file:///home/cio/.local/share/nvim/mason/packages/lua-language-server/libexec/meta/Lua%205.4%20en-us%20utf8/table.lua
[23:48:41.617][info] [#0:script/workspace/loading.lua:98]: Skip loaded file: file:///home/cio/.local/share/nvim/mason/packages/lua-language-server/libexec/meta/Lua%205.4%20en-us%20utf8/table.lua
[23:48:41.617][info] [#0:script/workspace/loading.lua:101]: Preload file at: file:///home/cio/.local/share/nvim/mason/packages/lua-language-server/libexec/meta/Lua%205.4%20en-us%20utf8/math.lua , size = 8.509 KB
[23:48:41.623][info] [#0:script/workspace/loading.lua:113]: ++++As library of:	file:///home/cio/.local/share/nvim/mason/packages/lua-language-server/libexec/meta/Lua%205.4%20en-us%20utf8/math.lua
[23:48:41.623][info] [#0:script/workspace/loading.lua:98]: Skip loaded file: file:///home/cio/.local/share/nvim/mason/packages/lua-language-server/libexec/meta/Lua%205.4%20en-us%20utf8/math.lua
[23:48:41.623][info] [#0:script/workspace/loading.lua:101]: Preload file at: file:///home/cio/.local/share/nvim/mason/packages/lua-language-server/libexec/meta/Lua%205.4%20en-us%20utf8/string.lua , size = 6.341 KB
[23:48:41.628][info] [#0:script/workspace/loading.lua:113]: ++++As library of:	file:///home/cio/.local/share/nvim/mason/packages/lua-language-server/libexec/meta/Lua%205.4%20en-us%20utf8/string.lua
[23:48:41.628][info] [#0:script/workspace/loading.lua:89]: Skip loaded file: file:///home/cio/.local/share/nvim/mason/packages/lua-language-server/libexec/meta/Lua%205.4%20en-us%20utf8/string.lua
[23:48:41.628][info] [#0:script/workspace/loading.lua:113]: ++++As library of:	file:///home/cio/.local/share/nvim/mason/packages/lua-language-server/libexec/meta/Lua%205.4%20en-us%20utf8/string.lua
[23:48:41.628][info] [#0:script/workspace/loading.lua:101]: Preload file at: file:///home/cio/.local/share/nvim/mason/packages/lua-language-server/libexec/meta/Lua%205.4%20en-us%20utf8/basic.lua , size = 15.336 KB
[23:48:41.638][info] [#0:script/workspace/loading.lua:113]: ++++As library of:	file:///home/cio/.local/share/nvim/mason/packages/lua-language-server/libexec/meta/Lua%205.4%20en-us%20utf8/basic.lua
[23:48:41.639][info] [#0:script/workspace/loading.lua:98]: Skip loaded file: file:///home/cio/.local/share/nvim/mason/packages/lua-language-server/libexec/meta/Lua%205.4%20en-us%20utf8/basic.lua
[23:48:41.639][info] [#0:script/workspace/loading.lua:101]: Preload file at: file:///home/cio/.config/nvim/lua/plugins/init.lua , size = 7.229 KB
[23:48:41.643][info] [#0:script/workspace/loading.lua:101]: Preload file at: file:///home/cio/.config/nvim/lua/plugins/configs/mason.lua , size = 0.581 KB
[23:48:41.644][info] [#0:script/workspace/loading.lua:101]: Preload file at: file:///home/cio/.config/nvim/lua/plugins/configs/cmp.lua , size = 3.068 KB
[23:48:41.647][info] [#0:script/workspace/loading.lua:101]: Preload file at: file:///home/cio/.config/nvim/lua/plugins/configs/treesitter.lua , size = 0.165 KB
[23:48:41.647][info] [#0:script/workspace/loading.lua:101]: Preload file at: file:///home/cio/.config/nvim/lua/plugins/configs/lspconfig.lua , size = 1.739 KB
[23:48:41.648][info] [#0:script/workspace/loading.lua:89]: Skip loaded file: file:///home/cio/.config/nvim/lua/plugins/configs/lazy_nvim.lua
[23:48:41.649][info] [#0:script/workspace/loading.lua:101]: Preload file at: file:///home/cio/.config/nvim/lua/plugins/configs/others.lua , size = 1.620 KB
[23:48:41.650][info] [#0:script/workspace/loading.lua:101]: Preload file at: file:///home/cio/.config/nvim/lua/plugins/configs/nvimtree.lua , size = 1.479 KB
[23:48:41.651][info] [#0:script/workspace/loading.lua:101]: Preload file at: file:///home/cio/.config/nvim/lua/plugins/configs/telescope.lua , size = 1.795 KB
[23:48:41.652][info] [#0:script/workspace/loading.lua:101]: Preload file at: file:///home/cio/.config/nvim/lua/core/utils.lua , size = 3.455 KB
[23:48:41.655][info] [#0:script/workspace/loading.lua:101]: Preload file at: file:///home/cio/.config/nvim/lua/core/init.lua , size = 3.459 KB
[23:48:41.658][info] [#0:script/workspace/loading.lua:101]: Preload file at: file:///home/cio/.config/nvim/lua/core/mappings.lua , size = 10.286 KB
[23:48:41.664][info] [#0:script/workspace/loading.lua:101]: Preload file at: file:///home/cio/.config/nvim/lua/core/default_config.lua , size = 3.102 KB
[23:48:41.665][info] [#0:script/workspace/loading.lua:101]: Preload file at: file:///home/cio/.config/nvim/lua/core/bootstrap.lua , size = 1.805 KB
[23:48:41.667][info] [#0:script/workspace/loading.lua:101]: Preload file at: file:///home/cio/.config/nvim/init.lua , size = 0.500 KB
[23:48:41.771][info] [#0:script/workspace/loading.lua:173]: Loaded files takes [1.105] sec: <fallback>
[23:48:41.771][info] [#0:script/workspace/loading.lua:182]: Compile files takes [0.000] sec: <fallback>
[23:48:41.772][info] [#0:script/workspace/loading.lua:183]: Loaded finish:	<fallback>
[23:48:41.772][info] [#0:script/workspace/workspace.lua:381]: Preload finish at:	<fallback>
[23:48:41.813][info] [#0:script/workspace/loading.lua:173]: Loaded files takes [1.147] sec: file:///home/cio/.config/nvim
[23:48:41.814][info] [#0:script/workspace/loading.lua:182]: Compile files takes [0.000] sec: file:///home/cio/.config/nvim
[23:48:41.814][info] [#0:script/workspace/loading.lua:183]: Loaded finish:	file:///home/cio/.config/nvim
[23:48:41.814][info] [#0:script/workspace/workspace.lua:381]: Preload finish at:	file:///home/cio/.config/nvim
[23:48:41.842][info] [#0:script/provider/diagnostic.lua:557]: Diagnostics scope [file:///home/cio/.config/nvim], files count:[124]
[23:48:41.842][warn] [#0:script/proto/proto.lua:187]: Method [textDocument/didOpen] takes [1.316]sec. {
  jsonrpc = "2.0",
  method = "textDocument/didOpen",
  params = {
    textDocument = {
      languageId = "lua",
      text = '"***"',
      uri = "file:///home/cio/.config/nvim/lua/plugins/configs/lazy_nvim.lua",
      version = 0
    }
  }
}
[23:48:42.817][info] [#0:script/provider/diagnostic.lua:574]: Diagnostics scope [file:///home/cio/.config/nvim] finished, takes [0.974] sec.
[23:48:45.240][info] [#0:script/provider/diagnostic.lua:171]: clearDiagnostics	file:///home/cio/.config/nvim/lua/plugins/configs/lazy_nvim.lua
[23:48:48.345][info] [#0:script/provider/provider.lua:169]: Server shutdown.
[23:48:48.345][warn] [#0:script/pub/report.lua:25]: Load proto error:	Disconnected!
